*** Collision rate limit violators report ***
"Violation factor" is the ratio of the rate coefficient to the collision limit rate at the relevant conditions

H(10) + HO2(17) <=> H2O2(18)
ThirdBody(arrheniusLow=Arrhenius(A=(6e+14,'cm^6/(mol^2*s)'), n=1.25, Ea=(-270,'cal/mol'), T0=(1,'K')), efficiencies={})
Kinetic library: BurkeH2O2inN2
Direction: forward
Violation factor: 2.52
Violation condition: 700.0 K, 10.0 bar

H(10) + HO2(17) <=> H2O2(18)
ThirdBody(arrheniusLow=Arrhenius(A=(6e+14,'cm^6/(mol^2*s)'), n=1.25, Ea=(-270,'cal/mol'), T0=(1,'K')), efficiencies={})
Kinetic library: BurkeH2O2inN2
Direction: forward
Violation factor: 2.11
Violation condition: 1500.0 K, 10.0 bar

H(10) + HO2(17) <=> H2O2(18)
ThirdBody(arrheniusLow=Arrhenius(A=(6e+14,'cm^6/(mol^2*s)'), n=1.25, Ea=(-270,'cal/mol'), T0=(1,'K')), efficiencies={})
Kinetic library: BurkeH2O2inN2
Direction: forward
Violation factor: 10.09
Violation condition: 700.0 K, 40.0 bar

H(10) + HO2(17) <=> H2O2(18)
ThirdBody(arrheniusLow=Arrhenius(A=(6e+14,'cm^6/(mol^2*s)'), n=1.25, Ea=(-270,'cal/mol'), T0=(1,'K')), efficiencies={})
Kinetic library: BurkeH2O2inN2
Direction: forward
Violation factor: 8.42
Violation condition: 1500.0 K, 40.0 bar

