*** Collision rate limit violators report ***
"Violation factor" is the ratio of the rate coefficient to the collision limit rate at the relevant conditions

H(19) + HO2(26) <=> H2O2(27)
ThirdBody(arrheniusLow=Arrhenius(A=(6e+14,'cm^6/(mol^2*s)'), n=1.25, Ea=(-270,'cal/mol'), T0=(1,'K')), efficiencies={})
Kinetic library: BurkeH2O2inN2
Direction: forward
Violation factor: 5.29
Violation condition: 600.0 K, 20.0 bar

H(19) + HO2(26) <=> H2O2(27)
ThirdBody(arrheniusLow=Arrhenius(A=(6e+14,'cm^6/(mol^2*s)'), n=1.25, Ea=(-270,'cal/mol'), T0=(1,'K')), efficiencies={})
Kinetic library: BurkeH2O2inN2
Direction: forward
Violation factor: 4.59
Violation condition: 1000.0 K, 20.0 bar

H(19) + HO2(26) <=> H2O2(27)
ThirdBody(arrheniusLow=Arrhenius(A=(6e+14,'cm^6/(mol^2*s)'), n=1.25, Ea=(-270,'cal/mol'), T0=(1,'K')), efficiencies={})
Kinetic library: BurkeH2O2inN2
Direction: forward
Violation factor: 10.59
Violation condition: 600.0 K, 40.0 bar

H(19) + HO2(26) <=> H2O2(27)
ThirdBody(arrheniusLow=Arrhenius(A=(6e+14,'cm^6/(mol^2*s)'), n=1.25, Ea=(-270,'cal/mol'), T0=(1,'K')), efficiencies={})
Kinetic library: BurkeH2O2inN2
Direction: forward
Violation factor: 9.18
Violation condition: 1000.0 K, 40.0 bar

HCO(30) + OH(21) <=> H2O(23) + CO(28)
Arrhenius(A=(1.199e+14,'cm^3/(mol*s)'), n=0, Ea=(0,'cal/mol'), T0=(1,'K'))
Kinetic library: FFCM1(-)
Direction: forward
Violation factor: 1.77
Violation condition: 600.0 K, 20.0 bar

HCO(30) + OH(21) <=> H2O(23) + CO(28)
Arrhenius(A=(1.199e+14,'cm^3/(mol*s)'), n=0, Ea=(0,'cal/mol'), T0=(1,'K'))
Kinetic library: FFCM1(-)
Direction: forward
Violation factor: 1.48
Violation condition: 1000.0 K, 20.0 bar

CH(32) + H2(22) <=> H(19) + CH2(T)(33)
Arrhenius(A=(1.612e+14,'cm^3/(mol*s)'), n=0, Ea=(3320,'cal/mol'), T0=(1,'K'))
Kinetic library: FFCM1(-)
Direction: reverse
Violation factor: 1.34
Violation condition: 600.0 K, 20.0 bar

CH(32) + H2(22) <=> H(19) + CH2(T)(33)
Arrhenius(A=(1.612e+14,'cm^3/(mol*s)'), n=0, Ea=(3320,'cal/mol'), T0=(1,'K'))
Kinetic library: FFCM1(-)
Direction: reverse
Violation factor: 1.14
Violation condition: 1000.0 K, 20.0 bar

CH(32) + CH2O(35) <=> H(19) + CH2CO(43)
Arrhenius(A=(9.64e+13,'cm^3/(mol*s)'), n=0, Ea=(-517,'cal/mol'), T0=(1,'K'))
Kinetic library: FFCM1(-)
Direction: forward
Violation factor: 2.02
Violation condition: 600.0 K, 20.0 bar

CH(32) + CH2O(35) <=> H(19) + CH2CO(43)
Arrhenius(A=(9.64e+13,'cm^3/(mol*s)'), n=0, Ea=(-517,'cal/mol'), T0=(1,'K'))
Kinetic library: FFCM1(-)
Direction: forward
Violation factor: 1.42
Violation condition: 1000.0 K, 20.0 bar

CH3(34) + CH3(34) <=> H(19) + C2H5(48)
Arrhenius(A=(7.621e+12,'cm^3/(mol*s)'), n=0.1, Ea=(10600,'cal/mol'), T0=(1,'K'))
Kinetic library: FFCM1(-)
Direction: reverse
Violation factor: 2.58
Violation condition: 600.0 K, 20.0 bar

CH3(34) + CH3(34) <=> H(19) + C2H5(48)
Arrhenius(A=(7.621e+12,'cm^3/(mol*s)'), n=0.1, Ea=(10600,'cal/mol'), T0=(1,'K'))
Kinetic library: FFCM1(-)
Direction: reverse
Violation factor: 1.96
Violation condition: 1000.0 K, 20.0 bar

CH2OH(49) + O(20) <=> CH2O(35) + OH(21)
Arrhenius(A=(9.03e+13,'cm^3/(mol*s)'), n=0, Ea=(0,'cal/mol'), T0=(1,'K'))
Kinetic library: FFCM1(-)
Direction: forward
Violation factor: 1.28
Violation condition: 600.0 K, 20.0 bar

CH2OH(49) + O(20) <=> CH2O(35) + OH(21)
Arrhenius(A=(9.03e+13,'cm^3/(mol*s)'), n=0, Ea=(0,'cal/mol'), T0=(1,'K'))
Kinetic library: FFCM1(-)
Direction: forward
Violation factor: 1.07
Violation condition: 1000.0 K, 20.0 bar

H(19) + HCCO(36) <=> CH2(S)(40) + CO(28)
Arrhenius(A=(1.32e+14,'cm^3/(mol*s)'), n=0, Ea=(0,'cal/mol'), T0=(1,'K'))
Kinetic library: FFCM1(-)
Direction: forward
Violation factor: 1.15
Violation condition: 600.0 K, 20.0 bar

HCCO(36) + O(20) <=> H(19) + CO(28) + CO(28)
Arrhenius(A=(1.73e+14,'cm^3/(mol*s)'), n=-0.112, Ea=(0,'cal/mol'), T0=(1,'K'))
Kinetic library: FFCM1(-)
Direction: forward
Violation factor: 1.89
Violation condition: 600.0 K, 20.0 bar

HCCO(36) + O(20) <=> H(19) + CO(28) + CO(28)
Arrhenius(A=(1.73e+14,'cm^3/(mol*s)'), n=-0.112, Ea=(0,'cal/mol'), T0=(1,'K'))
Kinetic library: FFCM1(-)
Direction: forward
Violation factor: 1.49
Violation condition: 1000.0 K, 20.0 bar

CH(32) + HCCO(36) <=> C2H2(38) + CO(28)
Arrhenius(A=(5e+13,'cm^3/(mol*s)'), n=0, Ea=(0,'cal/mol'), T0=(1,'K'))
Kinetic library: FFCM1(-)
Direction: forward
Violation factor: 1.03
Violation condition: 600.0 K, 20.0 bar

CH(32) + CH2CO(43) <=> C2H3(44) + CO(28)
Arrhenius(A=(1.45e+14,'cm^3/(mol*s)'), n=0, Ea=(0,'cal/mol'), T0=(1,'K'))
Kinetic library: FFCM1(-)
Direction: forward
Violation factor: 1.83
Violation condition: 600.0 K, 20.0 bar

CH(32) + CH2CO(43) <=> C2H3(44) + CO(28)
Arrhenius(A=(1.45e+14,'cm^3/(mol*s)'), n=0, Ea=(0,'cal/mol'), T0=(1,'K'))
Kinetic library: FFCM1(-)
Direction: forward
Violation factor: 1.53
Violation condition: 1000.0 K, 20.0 bar

CH2CHO(51) + O(20) <=> H(19) + CH2(T)(33) + CO2(29)
Arrhenius(A=(1.58e+14,'cm^3/(mol*s)'), n=0, Ea=(0,'cal/mol'), T0=(1,'K'))
Kinetic library: FFCM1(-)
Direction: forward
Violation factor: 2.17
Violation condition: 600.0 K, 20.0 bar

CH2CHO(51) + O(20) <=> H(19) + CH2(T)(33) + CO2(29)
Arrhenius(A=(1.58e+14,'cm^3/(mol*s)'), n=0, Ea=(0,'cal/mol'), T0=(1,'K'))
Kinetic library: FFCM1(-)
Direction: forward
Violation factor: 1.81
Violation condition: 1000.0 K, 20.0 bar

CH3CO(50) + O(20) <=> CH3(34) + CO2(29)
Arrhenius(A=(1.58e+14,'cm^3/(mol*s)'), n=0, Ea=(0,'cal/mol'), T0=(1,'K'))
Kinetic library: FFCM1(-)
Direction: forward
Violation factor: 2.17
Violation condition: 600.0 K, 20.0 bar

CH3CO(50) + O(20) <=> CH3(34) + CO2(29)
Arrhenius(A=(1.58e+14,'cm^3/(mol*s)'), n=0, Ea=(0,'cal/mol'), T0=(1,'K'))
Kinetic library: FFCM1(-)
Direction: forward
Violation factor: 1.81
Violation condition: 1000.0 K, 20.0 bar

C2H6(47) + CH(32) <=> C2H4(45) + CH3(34)
Arrhenius(A=(1.077e+14,'cm^3/(mol*s)'), n=0, Ea=(-262,'cal/mol'), T0=(1,'K'))
Kinetic library: FFCM1(-)
Direction: forward
Violation factor: 1.47
Violation condition: 600.0 K, 20.0 bar

C2H6(47) + CH(32) <=> C2H4(45) + CH3(34)
Arrhenius(A=(1.077e+14,'cm^3/(mol*s)'), n=0, Ea=(-262,'cal/mol'), T0=(1,'K'))
Kinetic library: FFCM1(-)
Direction: forward
Violation factor: 1.13
Violation condition: 1000.0 K, 20.0 bar

H(19) + CH2(S)(40) <=> H(19) + CH2(T)(33)
Arrhenius(A=(2e+14,'cm^3/(mol*s)'), n=0, Ea=(0,'cal/mol'), T0=(1,'K'))
Kinetic library: Glarborg/C3
Direction: forward
Violation factor: 1.03
Violation condition: 600.0 K, 20.0 bar

C2H3(44) + HCO(30) <=> C2H4(45) + CO(28)
Arrhenius(A=(9e+13,'cm^3/(mol*s)'), n=0, Ea=(0,'cal/mol'), T0=(1,'K'))
Kinetic library: Glarborg/C3
Direction: forward
Violation factor: 1.03
Violation condition: 600.0 K, 20.0 bar

O(20) + C2H2(38) <=> OH(21) + C2H(37)
Arrhenius(A=(3.2e+15,'cm^3/(mol*s)'), n=-0.6, Ea=(15000,'cal/mol'), T0=(1,'K'))
Kinetic library: Glarborg/C3
Direction: reverse
Violation factor: 5322.06
Violation condition: 600.0 K, 20.0 bar

O(20) + C2H2(38) <=> OH(21) + C2H(37)
Arrhenius(A=(3.2e+15,'cm^3/(mol*s)'), n=-0.6, Ea=(15000,'cal/mol'), T0=(1,'K'))
Kinetic library: Glarborg/C3
Direction: reverse
Violation factor: 18.37
Violation condition: 1000.0 K, 20.0 bar

CH2(S)(40) + CH2CO(43) <=> C2H4(45) + CO(28)
Arrhenius(A=(1.6e+14,'cm^3/(mol*s)'), n=0, Ea=(0,'cal/mol'), T0=(1,'K'))
Kinetic library: Glarborg/C3
Direction: forward
Violation factor: 1.56
Violation condition: 600.0 K, 20.0 bar

CH2(S)(40) + CH2CO(43) <=> C2H4(45) + CO(28)
Arrhenius(A=(1.6e+14,'cm^3/(mol*s)'), n=0, Ea=(0,'cal/mol'), T0=(1,'K'))
Kinetic library: Glarborg/C3
Direction: forward
Violation factor: 1.30
Violation condition: 1000.0 K, 20.0 bar

C2H4(45) + [CH]1C=CC=CCC1(85) <=> CHPD(1) + C2H3(44)
Arrhenius(A=(0.14,'cm^3/(mol*s)'), n=4.34, Ea=(135.894,'kJ/mol'), T0=(1,'K'), Tmin=(300,'K'), Tmax=(1500,'K'))
From training reaction 1571 used for Cd/H2/NonDeC;C_rad/H/CdCs
Exact match found for rate rule [Cd/H2/NonDeC;C_rad/H/CdCs]
Euclidian distance = 0
Multiplied by reaction path degeneracy 8.0
family: H_Abstraction
Direction: reverse
Violation factor: 1.52
Violation condition: 1000.0 K, 20.0 bar

HCO(30) + [CH]1C=CC=CCC1(85) <=> CHPD(1) + CO(28)
Arrhenius(A=(2.4e+14,'cm^3/(mol*s)'), n=0, Ea=(0,'kJ/mol'), T0=(1,'K'))
Estimated using template [C_sec_rad;HCO] for rate rule [C_rad/H/OneDeC;HCO]
Euclidian distance = 2.0
Multiplied by reaction path degeneracy 2.0
family: CO_Disproportionation
Direction: forward
Violation factor: 1.99
Violation condition: 600.0 K, 20.0 bar

HCO(30) + [CH]1C=CC=CCC1(85) <=> CHPD(1) + CO(28)
Arrhenius(A=(2.4e+14,'cm^3/(mol*s)'), n=0, Ea=(0,'kJ/mol'), T0=(1,'K'))
Estimated using template [C_sec_rad;HCO] for rate rule [C_rad/H/OneDeC;HCO]
Euclidian distance = 2.0
Multiplied by reaction path degeneracy 2.0
family: CO_Disproportionation
Direction: forward
Violation factor: 1.66
Violation condition: 1000.0 K, 20.0 bar

OH(21) + [CH2]C=CC=C(181) <=> C=CC=CCO(1095)
Arrhenius(A=(1.54e+14,'cm^3/(mol*s)','+|-',1e+13), n=0, Ea=(0,'kJ/mol'), T0=(1,'K'), Tmin=(200,'K'), Tmax=(400,'K'))
Estimated using template [C_pri_rad;O_pri_rad] for rate rule [C_rad/H2/Cd;O_pri_rad]
Euclidian distance = 1.0
Multiplied by reaction path degeneracy 2.0
family: R_Recombination
Direction: forward
Violation factor: 1.55
Violation condition: 600.0 K, 20.0 bar

OH(21) + [CH2]C=CC=C(181) <=> C=CC=CCO(1095)
Arrhenius(A=(1.54e+14,'cm^3/(mol*s)','+|-',1e+13), n=0, Ea=(0,'kJ/mol'), T0=(1,'K'), Tmin=(200,'K'), Tmax=(400,'K'))
Estimated using template [C_pri_rad;O_pri_rad] for rate rule [C_rad/H2/Cd;O_pri_rad]
Euclidian distance = 1.0
Multiplied by reaction path degeneracy 2.0
family: R_Recombination
Direction: forward
Violation factor: 1.29
Violation condition: 1000.0 K, 20.0 bar

C2H5(48) + CH3CO(50) <=> C2H4(45) + CH3CHO(52)
Arrhenius(A=(5.43e+08,'m^3/(mol*s)'), n=0, Ea=(0,'kJ/mol'), T0=(1,'K'))
Estimated using template [CO_rad;XH_s_Rrad] for rate rule [CO_rad/NonDe;Cmethyl_Csrad]
Euclidian distance = 2.82842712475
Multiplied by reaction path degeneracy 3.0
family: Disproportionation
Direction: forward
Violation factor: 5.99
Violation condition: 600.0 K, 20.0 bar

C2H5(48) + CH3CO(50) <=> C2H4(45) + CH3CHO(52)
Arrhenius(A=(5.43e+08,'m^3/(mol*s)'), n=0, Ea=(0,'kJ/mol'), T0=(1,'K'))
Estimated using template [CO_rad;XH_s_Rrad] for rate rule [CO_rad/NonDe;Cmethyl_Csrad]
Euclidian distance = 2.82842712475
Multiplied by reaction path degeneracy 3.0
family: Disproportionation
Direction: forward
Violation factor: 5.01
Violation condition: 1000.0 K, 20.0 bar

