Global RMG Settings:
   test_data.directory  = /home/qin.she/Code/RMG-Py/rmgpy/test_data (Default, relative to RMG-Py source code)
   database.directory   = /home/qin.she/Code/RMG-database/input (Default, relative to RMG-Py source code)
RMG execution initiated at Sat Jun 29 23:03:19 2019

#########################################################
# RMG-Py - Reaction Mechanism Generator in Python       #
# Version: 2.4.0                                        #
# Authors: RMG Developers (rmg_dev@mit.edu)             #
# P.I.s:   William H. Green (whgreen@mit.edu)           #
#          Richard H. West (r.west@neu.edu)             #
# Website: http://reactionmechanismgenerator.github.io/ #
#########################################################

The current git HEAD for RMG-Py is:
	93fac25d64dd088f8001f52d2dcc88b2b2d4b4d2
	Mon Jun 24 10:22:08 2019 -0400

The current git HEAD for RMG-database is:
	a3c960c9116608a4a168bb2b890b296439d91b98
	Mon Jun 17 16:32:25 2019 -0400

Reading input file "/scratch/qin.she/Code/chpd/quick_blend2/input.py"...
#Data sources
database(
    thermoLibraries =['primaryThermoLibrary', 'BurkeH2O2','DFT_QCI_thermo'], #['BurkeH2O2','FFCM1(-)','primaryThermoLibrary','DFT_QCI_thermo','CBS_QB3_1dHR'],
    reactionLibraries = [('FFCM1(-)',False),('2005_Senosiain_OH_C2H2',False)],
    seedMechanisms = ['BurkeH2O2inN2'],
    kineticsDepositories = ['training'], 
    kineticsFamilies = 'default',
    kineticsEstimator = 'rate rules',
)

# Constraints on generated species
generatedSpeciesConstraints(
    maximumRadicalElectrons = 2,
    allowed=['input species','seed mechanisms','reaction libraries'],
    maximumCarbonAtoms=10,
    allowSingletO2 = False,
)
#this is a test#
#test local vs#
# List of species
species(
    label='C7H10',
    reactive=True,
    structure=SMILES("C1C=CCCCC=1"),
)
species(
    label='C7H16',
    reactive=True,
    structure=SMILES("CCCCCCC"),
)
species(
    label='O2',
    reactive=True,
        structure=adjacencyList(
        """
        1 O u1 p2 {2,S}
        2 O u1 p2 {1,S}
        """),
)
species(
    label='N2',
    reactive=False,
    structure=SMILES("N#N")
)

#species choosen from "file:///C:/Users/qinsh/Desktop/chpd/quick_chpd/output.html", based on their concentration value.

"""
species(
    label='C7H10(146)',
    reactive=True,
    structure=SMILES("C=CC=CCC=C")
)
species(
    label='C7H10(153)',
    reactive=True,
    structure=SMILES("C=CC=CC1CC1")
)
species(
    label='C7H9(5)',
    reactive=True,
    structure=SMILES("[CH]1C=CCCC=C1")
)
species(
    label='C5H7(210)',
    reactive=True,
    structure=SMILES("[CH2]C=CC=C")
)
species(
    label='C2H4(115)',
    reactive=True,
    structure=SMILES("C=C")
)
species(
    label='C7H11(22)',
    reactive=True,
    structure=SMILES("[CH]1C=CCCCC1")
)
species(
    label='C7H10(21)',
    reactive=True,
    structure=SMILES("C1=CC2CCCC12")
)
species(
    label='C7H10(65)',
    reactive=True,
    structure=SMILES("C1=CCCC=CC1")
)
species(
    label='C7H10(18)',
    reactive=True,
    structure=SMILES("[CH2]C=CC=CC[CH2]")
)
species(
    label='C7H10(238)',
    reactive=True,
    structure=SMILES("C=CCC1C=CC1")
)
species(
    label='S(66)',
    reactive=True,
    structure=SMILES("[O]OC1C=CCCCC1")
)
species(
    label='C7H11(46)',
    reactive=True,
    structure=SMILES("[CH2]CCC=CC=C")
)
species(
    label='C7H10(187)',
    reactive=True,
    structure=SMILES("C1=CC(C1)C1CC1")
)
species(
    label='Cycloheptene', # (19)
    reactive=True,
    structure=adjacencyList(
        ""
        1 C u0 p0 c0 {2,S} {3,S} {8,S} {9,S}
        2 C u0 p0 c0 {1,S} {4,S} {10,S} {11,S}
        3 C u0 p0 c0 {1,S} {5,S} {12,S} {13,S}
        4 C u0 p0 c0 {2,S} {6,S} {14,S} {15,S}
        5 C u0 p0 c0 {3,S} {7,S} {16,S} {17,S}
        6 C u0 p0 c0 {4,S} {7,D} {18,S}
        7 C u0 p0 c0 {5,S} {6,D} {19,S}
        8 H u0 p0 c0 {1,S}
        9 H u0 p0 c0 {1,S}
        10 H u0 p0 c0 {2,S}
        11 H u0 p0 c0 {2,S}
        12 H u0 p0 c0 {3,S}
        13 H u0 p0 c0 {3,S}
        14 H u0 p0 c0 {4,S}
        15 H u0 p0 c0 {4,S}
        16 H u0 p0 c0 {5,S}
        17 H u0 p0 c0 {5,S}
        18 H u0 p0 c0 {6,S}
        19 H u0 p0 c0 {7,S}
        ""),
)
species(
    label='C7H8(58)',
    reactive=True,
    structure=SMILES("C1=CC=CCC=C1")
)
species(
    label='C5H8(336)',
    reactive=True,
    structure=SMILES("C=CC=CC")
)
species(
    label='S(388)',
    reactive=True,
    structure=SMILES("C=CC=CCCC=CC=C")
)
species(
    label='C7H9O2(68)',
    reactive=True,
    structure=SMILES("[O]OC1C=CC=CCC1")
)
species(
    label='s(399)',
    reactive=True,
    structure=SMILES("C=CC=CCC(C=C)C=C")
)


species(
    label='OH',
    reactive=True,
    structure=SMILES("[OH]")
)
species(
    label='H2O',
    reactive=True,
    structure=SMILES("O")
)

species(
    label='Ar',
    reactive=False,
    structure=SMILES("[Ar]")
)

species(
    label='Ne',
    reactive=False,
    structure=SMILES("[Ne]")
)
species(
    label='He',
    reactive=False,
    structure=SMILES("[He]")
)
"""



# Reaction systems
simpleReactor(
    temperature=[(700,'K'),(1500,'K')],
    pressure=[(10.0,'bar'),(40.0,'bar')],
    nSims=8,
    initialMoleFractions={
        "C7H10": 1,
#	    "C7H16": 0.00463,
        "O2":   19, # phi=1 means 9.5 O2 per C7H10
        "N2":    154, # 8.1 times as much N2 as O2
        "C7H16":1,
      
        
        
        
    },
    # terminationRateRatio=0.01,
    #  terminationTime=(1e0,'s'),
    terminationConversion={
        'C7H16': 0.99,
    },
    sensitivity=['C7H10','O2'],
    sensitivityThreshold=0.001,
)

simulator(
    atol=1e-16,
    rtol=1e-8,
    sens_atol=1e-6,
    sens_rtol=1e-4,
)

model(
    #toleranceKeepInEdge=0.0,
    toleranceMoveToCore=0.25,
    toleranceInterruptSimulation=0.25,
    maximumEdgeSpecies=100000,
    filterReactions=True,
    maxNumObjsPerIter=2,
)

uncertainty(
    localAnalysis=False,
    globalAnalysis=False,
    uncorrelated=True,
    correlated=True,
    localNumber=10,
    globalNumber=5,
    terminationTime=None,
    pceRunTime=1800,
    logx=True
)

options(
    units='si',
    # saveRestartPeriod=(1,'hour'),
    generateOutputHTML=False,
    generatePlots=True,
    saveSimulationProfiles=True,
    saveEdgeSpecies=False,
)

#quantumMechanics(
#    software='mopac',
#    method='pm3',
    # fileStore='QMfiles', # relative to where you run it from. Defaults to inside the output folder if not defined.
#    scratchDirectory = None, # not currently used
#    onlyCyclics = True,
#    maxRadicalNumber = 0,
#    )

#pressureDependence(
#    method='modified strong collision',
#    maximumGrainSize=(0.5,'kcal/mol'),
#    minimumNumberOfGrains=250,
#    temperatures=(300,2000,'K',8),
#    pressures=(0.01,100,'bar',5),
#    interpolation=('Chebyshev', 6, 4),
#)




Loading thermodynamics library from primaryThermoLibrary.py in /home/qin.she/Code/RMG-database/input/thermo/libraries...
Loading thermodynamics library from BurkeH2O2.py in /home/qin.she/Code/RMG-database/input/thermo/libraries...
Loading thermodynamics library from DFT_QCI_thermo.py in /home/qin.she/Code/RMG-database/input/thermo/libraries...
Loading thermodynamics group database from /home/qin.she/Code/RMG-database/input/thermo/groups...
Loading transport library from PrimaryTransportLibrary.py in /home/qin.she/Code/RMG-database/input/transport/libraries...
Loading transport library from GRI-Mech.py in /home/qin.she/Code/RMG-database/input/transport/libraries...
Loading transport library from NOx2018.py in /home/qin.she/Code/RMG-database/input/transport/libraries...
Loading transport library from OneDMinN2.py in /home/qin.she/Code/RMG-database/input/transport/libraries...
Loading transport group database from /home/qin.she/Code/RMG-database/input/transport/groups...
Loading kinetics library BurkeH2O2inN2 from /home/qin.she/Code/RMG-database/input/kinetics/libraries/BurkeH2O2inN2/reactions.py...
Loading kinetics library FFCM1(-) from /home/qin.she/Code/RMG-database/input/kinetics/libraries/FFCM1(-)/reactions.py...
Loading kinetics library 2005_Senosiain_OH_C2H2 from /home/qin.she/Code/RMG-database/input/kinetics/libraries/2005_Senosiain_OH_C2H2/reactions.py...
Loading frequencies group database from /home/qin.she/Code/RMG-database/input/statmech/groups...
Loading Platts additivity group database from /home/qin.she/Code/RMG-database/input/solvation/groups...
Adding rate rules from training set in kinetics families...
Filling in rate rules in kinetics families by averaging...
Adding seed mechanism BurkeH2O2inN2 to model core...

Summary of Model Enlargement
---------------------------------
Added 9 new core species
    H(4)
    O(5)
    OH(6)
    H2(7)
    H2O(8)
    Ar(9)
    He(10)
    HO2(11)
    H2O2(12)
Created 0 new edge species
Added 30 new core reactions
    O2(3) + H(4) <=> OH(6) + O(5)
    H2(7) + O(5) <=> H(4) + OH(6)
    OH(6) + H2(7) <=> H(4) + H2O(8)
    OH(6) + OH(6) <=> H2O(8) + O(5)
    H2(7) <=> H(4) + H(4)
    H2(7) + Ar(9) <=> H(4) + H(4) + Ar(9)
    H2(7) + He(10) <=> H(4) + H(4) + He(10)
    O(5) + O(5) <=> O2(3)
    Ar(9) + O(5) + O(5) <=> O2(3) + Ar(9)
    He(10) + O(5) + O(5) <=> O2(3) + He(10)
    H(4) + O(5) <=> OH(6)
    H2O(8) <=> H(4) + OH(6)
    H2O(8) + H2O(8) <=> H(4) + OH(6) + H2O(8)
    O2(3) + H(4) <=> HO2(11)
    H(4) + HO2(11) <=> O2(3) + H2(7)
    H(4) + HO2(11) <=> OH(6) + OH(6)
    HO2(11) + O(5) <=> O2(3) + OH(6)
    OH(6) + HO2(11) <=> O2(3) + H2O(8)
    HO2(11) + HO2(11) <=> O2(3) + H2O2(12)
    H2O2(12) <=> OH(6) + OH(6)
    H(4) + H2O2(12) <=> OH(6) + H2O(8)
    H(4) + H2O2(12) <=> H2(7) + HO2(11)
    H2O2(12) + O(5) <=> OH(6) + HO2(11)
    OH(6) + H2O2(12) <=> H2O(8) + HO2(11)
    H(4) + HO2(11) <=> H2O(8) + O(5)
    H(4) + HO2(11) <=> H2O2(12)
    OH(6) + OH(6) <=> O2(3) + H2(7)
    H2O(8) + O(5) <=> O2(3) + H2(7)
    H2O2(12) + O(5) <=> O2(3) + H2O(8)
    OH(6) + O(5) <=> HO2(11)
Created 0 new edge reactions

After model enlargement:
    The model core has 9 species and 30 reactions
    The model edge has 4 species and 0 reactions

Adding reaction library FFCM1(-) to model edge...
This library reaction was not new: O2(3) + H(4) <=> OH(6) + O(5)
This library reaction was not new: H2(7) + O(5) <=> H(4) + OH(6)
This library reaction was not new: OH(6) + H2(7) <=> H(4) + H2O(8)
This library reaction was not new: OH(6) + OH(6) <=> H2O(8) + O(5)
This library reaction was not new: H2(7) <=> H(4) + H(4)
This library reaction was not new: H2(7) + Ar(9) <=> H(4) + H(4) + Ar(9)
This library reaction was not new: H2(7) + He(10) <=> H(4) + H(4) + He(10)
This library reaction was not new: O(5) + O(5) <=> O2(3)
This library reaction was not new: Ar(9) + O(5) + O(5) <=> O2(3) + Ar(9)
This library reaction was not new: He(10) + O(5) + O(5) <=> O2(3) + He(10)
This library reaction was not new: H(4) + O(5) <=> OH(6)
This library reaction was not new: H2O(8) <=> H(4) + OH(6)
This library reaction was not new: H2O(8) + H2O(8) <=> H(4) + OH(6) + H2O(8)
This library reaction was not new: O2(3) + H(4) <=> HO2(11)
This library reaction was not new: H(4) + HO2(11) <=> O2(3) + H2(7)
This library reaction was not new: H(4) + HO2(11) <=> OH(6) + OH(6)
This library reaction was not new: H(4) + HO2(11) <=> H2O(8) + O(5)
This library reaction was not new: HO2(11) + O(5) <=> O2(3) + OH(6)
This library reaction was not new: OH(6) + HO2(11) <=> O2(3) + H2O(8)
This library reaction was not new: HO2(11) + HO2(11) <=> O2(3) + H2O2(12)
This library reaction was not new: H2O2(12) <=> OH(6) + OH(6)
This library reaction was not new: H(4) + H2O2(12) <=> OH(6) + H2O(8)
This library reaction was not new: H(4) + H2O2(12) <=> H2(7) + HO2(11)
This library reaction was not new: H2O2(12) + O(5) <=> OH(6) + HO2(11)
This library reaction was not new: OH(6) + H2O2(12) <=> H2O(8) + HO2(11)

Summary of Model Enlargement
---------------------------------
Added 0 new core species
Created 25 new edge species
    CO(13)
    CO2(14)
    HCO(15)
    C(T)(16)
    CH(17)
    CH2(T)(18)
    CH3(19)
    CH2O(20)
    HCCO(21)
    C2H(22)
    C2H2(23)
    H2CC(24)
    CH2(S)(25)
    CH3OH(26)
    CH3O(27)
    CH2CO(28)
    C2H3(29)
    C2H4(30)
    CH4(31)
    C2H6(32)
    C2H5(33)
    CH2OH(34)
    CH3CO(35)
    CH2CHO(36)
    CH3CHO(37)
Added 0 new core reactions
Created 234 new edge reactions
    CO(13) + O(5) <=> CO2(14)
    O2(3) + CO(13) <=> CO2(14) + O(5)
    OH(6) + CO(13) <=> H(4) + CO2(14)
    HO2(11) + CO(13) <=> CO2(14) + OH(6)
    HCO(15) <=> H(4) + CO(13)
    H(4) + HCO(15) <=> H2(7) + CO(13)
    HCO(15) + O(5) <=> OH(6) + CO(13)
    HCO(15) + O(5) <=> H(4) + CO2(14)
    HCO(15) + OH(6) <=> H2O(8) + CO(13)
    O2(3) + HCO(15) <=> HO2(11) + CO(13)
    C(T)(16) + OH(6) <=> H(4) + CO(13)
    O2(3) + C(T)(16) <=> CO(13) + O(5)
    H(4) + CH(17) <=> C(T)(16) + H2(7)
    CH(17) + O(5) <=> H(4) + CO(13)
    CH(17) + OH(6) <=> H(4) + HCO(15)
    CH(17) + H2(7) <=> H(4) + CH2(T)(18)
    CH(17) + H2(7) <=> CH3(19)
    CH(17) + H2O(8) <=> H(4) + CH2O(20)
    O2(3) + CH(17) <=> HCO(15) + O(5)
    O2(3) + CH(17) <=> H(4) + CO2(14)
    O2(3) + CH(17) <=> OH(6) + CO(13)
    O2(3) + CH(17) <=> H(4) + CO(13) + O(5)
    CH(17) + CO(13) <=> HCCO(21)
    CO2(14) + CH(17) <=> HCO(15) + CO(13)
    H(4) + CH2(T)(18) <=> CH3(19)
    CH2(T)(18) + O(5) <=> H(4) + H(4) + CO(13)
    CH2(T)(18) + OH(6) <=> H(4) + CH2O(20)
    CH2(T)(18) + OH(6) <=> CH(17) + H2O(8)
    CH2(T)(18) + HO2(11) <=> CH2O(20) + OH(6)
    CH2(T)(18) + H2(7) <=> H(4) + CH3(19)
    O2(3) + CH2(T)(18) <=> H(4) + OH(6) + CO(13)
    O2(3) + CH2(T)(18) <=> H(4) + H(4) + CO2(14)
    O2(3) + CH2(T)(18) <=> CH2O(20) + O(5)
    O2(3) + CH2(T)(18) <=> CO2(14) + H2(7)
    O2(3) + CH2(T)(18) <=> H2O(8) + CO(13)
    C(T)(16) + CH2(T)(18) <=> H(4) + C2H(22)
    CH(17) + CH2(T)(18) <=> H(4) + C2H2(23)
    CH2(T)(18) + CH2(T)(18) <=> H(4) + H(4) + C2H2(23)
    CH2(T)(18) + CH2(T)(18) <=> H2CC(24) + H2(7)
    N2 + CH2(S)(25) <=> N2 + CH2(T)(18)
    CH2(S)(25) + Ar(9) <=> CH2(T)(18) + Ar(9)
    CH2(S)(25) + He(10) <=> CH2(T)(18) + He(10)
    H(4) + CH2(S)(25) <=> CH(17) + H2(7)
    CH2(S)(25) + O(5) <=> H(4) + H(4) + CO(13)
    CH2(S)(25) + OH(6) <=> H(4) + CH2O(20)
    CH2(S)(25) + H2(7) <=> H(4) + CH3(19)
    O2(3) + CH2(S)(25) <=> O2(3) + CH2(T)(18)
    CH2(S)(25) + H2O(8) <=> CH3OH(26)
    CH2(S)(25) + H2O(8) <=> CH2(T)(18) + H2O(8)
    CH2(S)(25) + H2O(8) <=> CH2O(20) + H2(7)
    CH2(S)(25) + H2O2(12) <=> CH3O(27) + OH(6)
    CH2(S)(25) + CO(13) <=> CH2(T)(18) + CO(13)
    CH2(S)(25) + CO2(14) <=> CO2(14) + CH2(T)(18)
    CH2(S)(25) + CO2(14) <=> CH2O(20) + CO(13)
    H(4) + HCO(15) <=> CH2O(20)
    CH2O(20) <=> H2(7) + CO(13)
    H(4) + CH2O(20) <=> HCO(15) + H2(7)
    CH2O(20) + O(5) <=> HCO(15) + OH(6)
    CH2O(20) + OH(6) <=> HCO(15) + H2O(8)
    O2(3) + CH2O(20) <=> HCO(15) + HO2(11)
    CH2O(20) + HO2(11) <=> HCO(15) + H2O2(12)
    CH(17) + CH2O(20) <=> H(4) + CH2CO(28)
    CH2(T)(18) + CH2O(20) <=> HCO(15) + CH3(19)
    CH2(S)(25) + CH2O(20) <=> HCO(15) + CH3(19)
    C2H(22) + CH2O(20) <=> C2H2(23) + HCO(15)
    C2H3(29) + CH2O(20) <=> C2H4(30) + HCO(15)
    H(4) + CH3(19) <=> CH4(31)
    CH3(19) + O(5) <=> H(4) + CH2O(20)
    CH3(19) + O(5) <=> H(4) + H2(7) + CO(13)
    CH3(19) + OH(6) <=> CH3OH(26)
    CH3(19) + OH(6) <=> CH2(T)(18) + H2O(8)
    CH3(19) + OH(6) <=> CH2(S)(25) + H2O(8)
    CH3(19) + OH(6) <=> CH2O(20) + H2(7)
    CH3(19) + HO2(11) <=> O2(3) + CH4(31)
    CH3(19) + HO2(11) <=> CH3O(27) + OH(6)
    O2(3) + CH3(19) <=> CH3O(27) + O(5)
    O2(3) + CH3(19) <=> CH2O(20) + OH(6)
    C(T)(16) + CH3(19) <=> H(4) + C2H2(23)
    CH(17) + CH3(19) <=> H(4) + C2H3(29)
    CH2(T)(18) + CH3(19) <=> H(4) + C2H4(30)
    CH2(S)(25) + CH3(19) <=> H(4) + C2H4(30)
    CH3(19) + CH3(19) <=> C2H6(32)
    CH3(19) + CH3(19) <=> H(4) + C2H5(33)
    HCO(15) + CH3(19) <=> CH4(31) + CO(13)
    CH3(19) + CH2O(20) <=> CH4(31) + HCO(15)
    CH3O(27) <=> H(4) + CH2O(20)
    H(4) + CH3O(27) <=> CH3OH(26)
    H(4) + CH3O(27) <=> H(4) + CH2OH(34)
    H(4) + CH3O(27) <=> CH2O(20) + H2(7)
    H(4) + CH3O(27) <=> CH3(19) + OH(6)
    H(4) + CH3O(27) <=> CH2(S)(25) + H2O(8)
    CH3O(27) + O(5) <=> CH2O(20) + OH(6)
    CH3O(27) + OH(6) <=> CH2O(20) + H2O(8)
    O2(3) + CH3O(27) <=> CH2O(20) + HO2(11)
    CH3O(27) + CH3(19) <=> CH4(31) + CH2O(20)
    CH3O(27) + CO(13) <=> CO2(14) + CH3(19)
    CH2OH(34) <=> H(4) + CH2O(20)
    H(4) + CH2OH(34) <=> CH3OH(26)
    H(4) + CH2OH(34) <=> CH2O(20) + H2(7)
    H(4) + CH2OH(34) <=> CH3(19) + OH(6)
    H(4) + CH2OH(34) <=> CH2(S)(25) + H2O(8)
    CH2OH(34) + O(5) <=> CH2O(20) + OH(6)
    CH2OH(34) + OH(6) <=> CH2O(20) + H2O(8)
    O2(3) + CH2OH(34) <=> CH2O(20) + HO2(11)
    CH2OH(34) + CH3(19) <=> CH4(31) + CH2O(20)
    H(4) + CH4(31) <=> CH3(19) + H2(7)
    CH4(31) + O(5) <=> CH3(19) + OH(6)
    CH4(31) + OH(6) <=> CH3(19) + H2O(8)
    CH4(31) + HO2(11) <=> CH3(19) + H2O2(12)
    CH4(31) + CH(17) <=> H(4) + C2H4(30)
    CH4(31) + CH2(T)(18) <=> CH3(19) + CH3(19)
    CH4(31) + CH2(S)(25) <=> CH3(19) + CH3(19)
    CH4(31) + C2H(22) <=> C2H2(23) + CH3(19)
    H(4) + CH3OH(26) <=> CH2OH(34) + H2(7)
    H(4) + CH3OH(26) <=> CH3O(27) + H2(7)
    CH3OH(26) + O(5) <=> CH2OH(34) + OH(6)
    CH3OH(26) + O(5) <=> CH3O(27) + OH(6)
    CH3OH(26) + OH(6) <=> CH2OH(34) + H2O(8)
    CH3OH(26) + OH(6) <=> CH3O(27) + H2O(8)
    O2(3) + CH3OH(26) <=> CH2OH(34) + HO2(11)
    CH3OH(26) + HO2(11) <=> CH2OH(34) + H2O2(12)
    CH3OH(26) + HO2(11) <=> CH3O(27) + H2O2(12)
    CH3OH(26) + CH(17) <=> CH3(19) + CH2O(20)
    CH3OH(26) + CH2(T)(18) <=> CH2OH(34) + CH3(19)
    CH3OH(26) + CH2(T)(18) <=> CH3O(27) + CH3(19)
    CH2(S)(25) + CH3OH(26) <=> CH3O(27) + CH3(19)
    CH2(S)(25) + CH3OH(26) <=> CH2OH(34) + CH3(19)
    CH3OH(26) + CH3(19) <=> CH4(31) + CH2OH(34)
    CH3OH(26) + CH3(19) <=> CH4(31) + CH3O(27)
    C2H(22) + CH3OH(26) <=> CH2OH(34) + C2H2(23)
    C2H(22) + CH3OH(26) <=> C2H2(23) + CH3O(27)
    C2H3(29) + CH3OH(26) <=> C2H4(30) + CH2OH(34)
    C2H3(29) + CH3OH(26) <=> C2H4(30) + CH3O(27)
    H(4) + C2H(22) <=> C2H2(23)
    C2H(22) + O(5) <=> CH(17) + CO(13)
    C2H(22) + OH(6) <=> H(4) + HCCO(21)
    C2H(22) + H2(7) <=> H(4) + C2H2(23)
    O2(3) + C2H(22) <=> HCO(15) + CO(13)
    H(4) + HCCO(21) <=> CH2(S)(25) + CO(13)
    HCCO(21) + O(5) <=> H(4) + CO(13) + CO(13)
    HCCO(21) + O(5) <=> CO2(14) + CH(17)
    O2(3) + HCCO(21) <=> OH(6) + CO(13) + CO(13)
    HCCO(21) + CH(17) <=> C2H2(23) + CO(13)
    HCCO(21) + CH2(T)(18) <=> C2H3(29) + CO(13)
    HCCO(21) + HCCO(21) <=> C2H2(23) + CO(13) + CO(13)
    C2H2(23) <=> H2CC(24)
    H(4) + C2H2(23) <=> C2H3(29)
    C2H2(23) + O(5) <=> H(4) + HCCO(21)
    C2H2(23) + O(5) <=> CH2(T)(18) + CO(13)
    C2H2(23) + OH(6) <=> H(4) + CH2CO(28)
    C2H2(23) + OH(6) <=> C2H(22) + H2O(8)
    C2H2(23) + OH(6) <=> CH3(19) + CO(13)
    H(4) + H2CC(24) <=> H(4) + C2H2(23)
    H2CC(24) + OH(6) <=> H(4) + CH2CO(28)
    O2(3) + H2CC(24) <=> HCO(15) + HCO(15)
    CH2(T)(18) + CO(13) <=> CH2CO(28)
    H(4) + CH2CO(28) <=> HCCO(21) + H2(7)
    H(4) + CH2CO(28) <=> CH3(19) + CO(13)
    CH2CO(28) + O(5) <=> HCCO(21) + OH(6)
    CH2CO(28) + O(5) <=> CO2(14) + CH2(T)(18)
    CH2CO(28) + O(5) <=> HCO(15) + HCO(15)
    CH2CO(28) + O(5) <=> CH2O(20) + CO(13)
    CH2CO(28) + OH(6) <=> HCCO(21) + H2O(8)
    CH2CO(28) + OH(6) <=> CO2(14) + CH3(19)
    CH2CO(28) + OH(6) <=> CH2OH(34) + CO(13)
    CH2CO(28) + CH(17) <=> C2H3(29) + CO(13)
    H(4) + C2H3(29) <=> C2H4(30)
    H(4) + C2H3(29) <=> C2H2(23) + H2(7)
    H(4) + C2H3(29) <=> H2CC(24) + H2(7)
    C2H3(29) + O(5) <=> H(4) + CH2CO(28)
    C2H3(29) + OH(6) <=> C2H2(23) + H2O(8)
    C2H3(29) + OH(6) <=> HCO(15) + CH3(19)
    C2H3(29) + OH(6) <=> H(4) + CH3CO(35)
    O2(3) + C2H3(29) <=> HCO(15) + CH2O(20)
    O2(3) + C2H3(29) <=> CH2CHO(36) + O(5)
    O2(3) + C2H3(29) <=> C2H2(23) + HO2(11)
    C2H3(29) + CH3(19) <=> CH4(31) + C2H2(23)
    CH2CHO(36) <=> H(4) + CH2CO(28)
    CH2CHO(36) <=> CH3(19) + CO(13)
    H(4) + CH2CHO(36) <=> HCO(15) + CH3(19)
    H(4) + CH2CHO(36) <=> CH2CO(28) + H2(7)
    H(4) + CH2CHO(36) <=> H(4) + CH3CO(35)
    CH2CHO(36) + O(5) <=> H(4) + CO2(14) + CH2(T)(18)
    CH2CHO(36) + OH(6) <=> CH2CO(28) + H2O(8)
    CH2CHO(36) + OH(6) <=> CH2OH(34) + HCO(15)
    O2(3) + CH2CHO(36) <=> CH2O(20) + OH(6) + CO(13)
    CH3CO(35) <=> CH3(19) + CO(13)
    H(4) + CH3CO(35) <=> CH3CHO(37)
    H(4) + CH3CO(35) <=> HCO(15) + CH3(19)
    CH3CO(35) + O(5) <=> CH2CO(28) + OH(6)
    CH3CO(35) + O(5) <=> CO2(14) + CH3(19)
    CH3CO(35) + OH(6) <=> CH2CO(28) + H2O(8)
    CH3CO(35) + OH(6) <=> CH3(19) + OH(6) + CO(13)
    CH3CO(35) + HO2(11) <=> CO2(14) + CH3(19) + OH(6)
    O2(3) + CH3CO(35) <=> CH2CO(28) + HO2(11)
    CH3CO(35) + CH3(19) <=> CH2CO(28) + CH4(31)
    CH3CHO(37) <=> CH4(31) + CO(13)
    CH3CHO(37) <=> HCO(15) + CH3(19)
    H(4) + CH3CHO(37) <=> CH2CHO(36) + H2(7)
    H(4) + CH3CHO(37) <=> CH3CO(35) + H2(7)
    CH3CHO(37) + O(5) <=> CH2CHO(36) + OH(6)
    CH3CHO(37) + O(5) <=> CH3CO(35) + OH(6)
    CH3CHO(37) + OH(6) <=> CH3CO(35) + H2O(8)
    O2(3) + CH3CHO(37) <=> CH3CO(35) + HO2(11)
    CH3CHO(37) + HO2(11) <=> CH3CO(35) + H2O2(12)
    CH3CHO(37) + CH3(19) <=> CH4(31) + CH3CO(35)
    C2H4(30) <=> H2CC(24) + H2(7)
    H(4) + C2H4(30) <=> C2H5(33)
    H(4) + C2H4(30) <=> C2H3(29) + H2(7)
    C2H4(30) + O(5) <=> HCO(15) + CH3(19)
    C2H4(30) + O(5) <=> H(4) + CH2CHO(36)
    C2H4(30) + O(5) <=> CH2(T)(18) + CH2O(20)
    C2H4(30) + OH(6) <=> C2H3(29) + H2O(8)
    C2H4(30) + OH(6) <=> CH3(19) + CH2O(20)
    C2H4(30) + OH(6) <=> H(4) + CH3CHO(37)
    C2H4(30) + CH3(19) <=> C2H3(29) + CH4(31)
    O2(3) + C2H4(30) <=> C2H3(29) + HO2(11)
    H(4) + C2H5(33) <=> C2H6(32)
    H(4) + C2H5(33) <=> C2H4(30) + H2(7)
    C2H5(33) + O(5) <=> CH3(19) + CH2O(20)
    C2H5(33) + O(5) <=> H(4) + CH3CHO(37)
    C2H5(33) + O(5) <=> C2H4(30) + OH(6)
    O2(3) + C2H5(33) <=> C2H4(30) + HO2(11)
    C2H5(33) + CH3(19) <=> C2H4(30) + CH4(31)
    C2H5(33) + CH2O(20) <=> C2H6(32) + HCO(15)
    C2H5(33) + CH3OH(26) <=> C2H6(32) + CH2OH(34)
    H(4) + C2H6(32) <=> C2H5(33) + H2(7)
    C2H6(32) + O(5) <=> C2H5(33) + OH(6)
    C2H6(32) + OH(6) <=> C2H5(33) + H2O(8)
    C2H6(32) + CH(17) <=> C2H4(30) + CH3(19)
    C2H6(32) + CH2(S)(25) <=> C2H5(33) + CH3(19)
    C2H6(32) + CH3(19) <=> CH4(31) + C2H5(33)
    O2(3) + C2H6(32) <=> C2H5(33) + HO2(11)
    C2H6(32) + HO2(11) <=> C2H5(33) + H2O2(12)

After model enlargement:
    The model core has 9 species and 30 reactions
    The model edge has 29 species and 234 reactions

Adding reaction library 2005_Senosiain_OH_C2H2 to model edge...
This library reaction was not new: C2H2(23) + OH(6) <=> C2H(22) + H2O(8)
This library reaction was not new: C2H2(23) + OH(6) <=> H(4) + CH2CO(28)
This library reaction was not new: C2H2(23) + OH(6) <=> CH3(19) + CO(13)

Summary of Model Enlargement
---------------------------------
Added 0 new core species
Created 2 new edge species
    HCCOH(38)
    HOC2H2(39)
Added 0 new core reactions
Created 2 new edge reactions
    C2H2(23) + OH(6) <=> H(4) + HCCOH(38)
    C2H2(23) + OH(6) <=> HOC2H2(39)

After model enlargement:
    The model core has 9 species and 30 reactions
    The model edge has 31 species and 236 reactions

NOT generating reactions for unreactive species N2

Summary of Model Enlargement
---------------------------------
Added 1 new core species
    N2
Created 0 new edge species
Added 0 new core reactions
Created 0 new edge reactions

After model enlargement:
    The model core has 10 species and 30 reactions
    The model edge has 30 species and 236 reactions


NOT generating reactions for unreactive species Ne

Summary of Model Enlargement
---------------------------------
Added 1 new core species
    Ne
Created 0 new edge species
Added 0 new core reactions
Created 0 new edge reactions

After model enlargement:
    The model core has 11 species and 30 reactions
    The model edge has 30 species and 236 reactions


Adding species C7H10(1) to model core

Summary of Model Enlargement
---------------------------------
Added 1 new core species
    C7H10(1)
Created 0 new edge species
Added 0 new core reactions
Created 0 new edge reactions

After model enlargement:
    The model core has 12 species and 30 reactions
    The model edge has 29 species and 236 reactions


Adding species C7H16(2) to model core

Summary of Model Enlargement
---------------------------------
Added 1 new core species
    C7H16(2)
Created 0 new edge species
Added 0 new core reactions
Created 0 new edge reactions

After model enlargement:
    The model core has 13 species and 30 reactions
    The model edge has 28 species and 236 reactions


Adding species O2(3) to model core

Summary of Model Enlargement
---------------------------------
Added 1 new core species
    O2(3)
Created 0 new edge species
Added 0 new core reactions
Created 0 new edge reactions

After model enlargement:
    The model core has 14 species and 30 reactions
    The model edge has 27 species and 236 reactions


Initialization complete. Starting model generation.

conditions choosen for reactor 0 were: P = 0.00013815510558 bar, T = 700.0 K, 
Generating initial reactions for reaction system 1...
For reaction generation 1 process is used.
Generating thermo for new species...
Species [CH2]CCC renamed butyl_1 based on thermo library name
Species [CH2]CC renamed npropyl based on thermo library name
Generating kinetics for new reactions...
For reaction C7H10(1) + O2(3) <=> [O]OC1[CH]C=CCCC1(69), Ea raised from 70.2 to 80.7 kJ/mol to match endothermicity of reaction.
For reaction C7H10(1) + O2(3) <=> [O]OC1[CH]CCCC=C1(70), Ea raised from 152.4 to 163.9 kJ/mol to match endothermicity of reaction.

Summary of Secondary Model Edge Enlargement
---------------------------------
Added 0 new core species
Created 31 new edge species
    [CH]1CC=CC=CC1(40)
    [CH]1C=CC=CCC1(41)
    [C]1=CC=CCCC1(42)
    [C]1=CCCCC=C1(43)
    [CH]1C=CCC[CH]C1(44)
    [C]1=CCCC[CH]C1(45)
    [C]1=CC[CH]CCC1(46)
    [CH]1C[CH]CC=CC1(47)
    [C]1=C[CH]CCCC1(48)
    [CH]1C=C[CH]CCC1(49)
    [C]1[CH]CCCCC=1(50)
    [CH]1[CH]CCC=CC1(51)
    [CH]=CCCCC=[CH](52)
    [CH]=CC=CCC[CH2](53)
    [CH2]C=CC=CC[CH2](54)
    [C]1CC=CCCC1(55)
    [C]1C=CCCCC1(56)
    C1=CC2CCCC12(57)
    butyl_1(58)
    npropyl(59)
    [CH2]CCCC(60)
    CC[CH]CCCC(61)
    CCC[CH]CCC(62)
    [CH2]CCCCC(63)
    C[CH]CCCCC(64)
    [CH2]CCCCCC(65)
    CCCCCC(66)
    [CH]1C=CCCCC1(67)
    [CH]1CC=CCCC1(68)
    [O]OC1[CH]C=CCCC1(69)
    [O]OC1[CH]CCCC=C1(70)
Added 0 new core reactions
Created 55 new edge reactions
    H(4) + [CH]1CC=CC=CC1(40) <=> C7H10(1)
    H(4) + [CH]1C=CC=CCC1(41) <=> C7H10(1)
    H(4) + [C]1=CC=CCCC1(42) <=> C7H10(1)
    H(4) + [C]1=CCCCC=C1(43) <=> C7H10(1)
    [CH]1C=CCC[CH]C1(44) <=> C7H10(1)
    [C]1=CCCC[CH]C1(45) <=> C7H10(1)
    [CH]1C=CCC[CH]C1(44) <=> C7H10(1)
    [C]1=CC[CH]CCC1(46) <=> C7H10(1)
    [CH]1C[CH]CC=CC1(47) <=> C7H10(1)
    [C]1=C[CH]CCCC1(48) <=> C7H10(1)
    [CH]1C=C[CH]CCC1(49) <=> C7H10(1)
    [CH]1C=CCC[CH]C1(44) <=> C7H10(1)
    [C]1[CH]CCCCC=1(50) <=> C7H10(1)
    [CH]1[CH]CCC=CC1(51) <=> C7H10(1)
    [CH]=CCCCC=[CH](52) <=> C7H10(1)
    [CH]=CC=CCC[CH2](53) <=> C7H10(1)
    [CH2]C=CC=CC[CH2](54) <=> C7H10(1)
    [C]1CC=CCCC1(55) <=> C7H10(1)
    [C]1C=CCCCC1(56) <=> C7H10(1)
    C7H10(1) <=> C1=CC2CCCC12(57)
    butyl_1(58) + npropyl(59) <=> C7H16(2)
    C2H5(33) + [CH2]CCCC(60) <=> C7H16(2)
    H(4) + CC[CH]CCCC(61) <=> C7H16(2)
    H(4) + CCC[CH]CCC(62) <=> C7H16(2)
    CH3(19) + [CH2]CCCCC(63) <=> C7H16(2)
    H(4) + C[CH]CCCCC(64) <=> C7H16(2)
    H(4) + [CH2]CCCCCC(65) <=> C7H16(2)
    CH2(S)(25) + CCCCCC(66) <=> C7H16(2)
    CH2(S)(25) + CCCCCC(66) <=> C7H16(2)
    [CH]1CC=CC=CC1(40) + [CH]1C=CCCCC1(67) <=> C7H10(1) + C7H10(1)
    [CH]1CC=CC=CC1(40) + [CH]1CC=CCCC1(68) <=> C7H10(1) + C7H10(1)
    [CH]1C=CC=CCC1(41) + [CH]1C=CCCCC1(67) <=> C7H10(1) + C7H10(1)
    [CH]1C=CC=CCC1(41) + [CH]1CC=CCCC1(68) <=> C7H10(1) + C7H10(1)
    [C]1=CC=CCCC1(42) + [CH]1C=CCCCC1(67) <=> C7H10(1) + C7H10(1)
    [C]1=CC=CCCC1(42) + [CH]1CC=CCCC1(68) <=> C7H10(1) + C7H10(1)
    [C]1=CCCCC=C1(43) + [CH]1C=CCCCC1(67) <=> C7H10(1) + C7H10(1)
    [C]1=CCCCC=C1(43) + [CH]1CC=CCCC1(68) <=> C7H10(1) + C7H10(1)
    C[CH]CCCCC(64) + [CH]1C=CCCCC1(67) <=> C7H10(1) + C7H16(2)
    CC[CH]CCCC(61) + [CH]1C=CCCCC1(67) <=> C7H10(1) + C7H16(2)
    CCC[CH]CCC(62) + [CH]1C=CCCCC1(67) <=> C7H10(1) + C7H16(2)
    [CH2]CCCCCC(65) + [CH]1C=CCCCC1(67) <=> C7H10(1) + C7H16(2)
    C[CH]CCCCC(64) + [CH]1CC=CCCC1(68) <=> C7H10(1) + C7H16(2)
    CC[CH]CCCC(61) + [CH]1CC=CCCC1(68) <=> C7H10(1) + C7H16(2)
    CCC[CH]CCC(62) + [CH]1CC=CCCC1(68) <=> C7H10(1) + C7H16(2)
    [CH2]CCCCCC(65) + [CH]1CC=CCCC1(68) <=> C7H10(1) + C7H16(2)
    C7H10(1) + O2(3) <=> [O]OC1[CH]C=CCCC1(69)
    C7H10(1) + O2(3) <=> [O]OC1[CH]CCCC=C1(70)
    [CH]1CC=CC=CC1(40) + HO2(11) <=> C7H10(1) + O2(3)
    [CH]1C=CC=CCC1(41) + HO2(11) <=> C7H10(1) + O2(3)
    [C]1=CC=CCCC1(42) + HO2(11) <=> C7H10(1) + O2(3)
    [C]1=CCCCC=C1(43) + HO2(11) <=> C7H10(1) + O2(3)
    HO2(11) + CC[CH]CCCC(61) <=> C7H16(2) + O2(3)
    HO2(11) + CCC[CH]CCC(62) <=> C7H16(2) + O2(3)
    HO2(11) + C[CH]CCCCC(64) <=> C7H16(2) + O2(3)
    HO2(11) + [CH2]CCCCCC(65) <=> C7H16(2) + O2(3)

After model enlargement:
    The model core has 14 species and 30 reactions
    The model edge has 58 species and 291 reactions


Completed initial enlarge edge step.

Saving current model core to Chemkin file...
Chemkin file contains 33 reactions.
Saving annotated version of Chemkin file...
Chemkin file contains 33 reactions.
Updating RMG execution statistics...
    Execution time (DD:HH:MM:SS): 00:00:01:39
    Memory used: 711.48 MB
Generating plots of execution statistics...

Beginning model generation stage 1...

Conducting simulation of reaction system 1...
At time 0.0000e+00 s, species CH3(19) at 2.90065350801e+18 exceeded the minimum rate for simulation interruption of 0.25
At time 0.0000e+00 s, species CH2(S)(25) at 1.4138449448e+11 exceeded the minimum rate for simulation interruption of 0.25
At time 0.0000e+00 s, species C2H5(33) at 8.15157112569e+18 exceeded the minimum rate for simulation interruption of 0.25
At time 0.0000e+00 s, species [CH]1CC=CC=CC1(40) at 1.43916273246e+18 exceeded the minimum rate for simulation interruption of 0.25
At time 0.0000e+00 s, species [CH]1C=CC=CCC1(41) at 2.15520127756e+26 exceeded the minimum rate for simulation interruption of 0.25
At time 0.0000e+00 s, species [C]1=CC=CCCC1(42) at 9.30094818575e+13 exceeded the minimum rate for simulation interruption of 0.25
At time 0.0000e+00 s, species [C]1=CCCCC=C1(43) at 4.23837166424e+16 exceeded the minimum rate for simulation interruption of 0.25
At time 0.0000e+00 s, species [CH]1C=CCC[CH]C1(44) at 3.96086961305e+25 exceeded the minimum rate for simulation interruption of 0.25
At time 0.0000e+00 s, species [C]1=CCCC[CH]C1(45) at 1.72584613732e+21 exceeded the minimum rate for simulation interruption of 0.25
At time 0.0000e+00 s, species [C]1=CC[CH]CCC1(46) at 2.42113925728e+17 exceeded the minimum rate for simulation interruption of 0.25
At time 0.0000e+00 s, species [CH]1C[CH]CC=CC1(47) at 1.92057574095e+23 exceeded the minimum rate for simulation interruption of 0.25
At time 0.0000e+00 s, species [C]1=C[CH]CCCC1(48) at 3.9455855529e+21 exceeded the minimum rate for simulation interruption of 0.25
At time 0.0000e+00 s, species [CH]1C=C[CH]CCC1(49) at 2.85320906063e+26 exceeded the minimum rate for simulation interruption of 0.25
At time 0.0000e+00 s, species [C]1[CH]CCCCC=1(50) at 1.99394833397e+20 exceeded the minimum rate for simulation interruption of 0.25
At time 0.0000e+00 s, species [CH]1[CH]CCC=CC1(51) at 9.70585670387e+21 exceeded the minimum rate for simulation interruption of 0.25
At time 0.0000e+00 s, species [CH]=CCCCC=[CH](52) at 2.5101561307e+16 exceeded the minimum rate for simulation interruption of 0.25
At time 0.0000e+00 s, species [CH]=CC=CCC[CH2](53) at 1.3740253287e+19 exceeded the minimum rate for simulation interruption of 0.25
At time 0.0000e+00 s, species [CH2]C=CC=CC[CH2](54) at 2.27907342147e+29 exceeded the minimum rate for simulation interruption of 0.25
At time 0.0000e+00 s, species [C]1CC=CCCC1(55) at 5.88648407498e+24 exceeded the minimum rate for simulation interruption of 0.25
At time 0.0000e+00 s, species [C]1C=CCCCC1(56) at 8.97099393084e+22 exceeded the minimum rate for simulation interruption of 0.25
At time 0.0000e+00 s, species C1=CC2CCCC12(57) at 1.09127298303e+31 exceeded the minimum rate for simulation interruption of 0.25
At time 0.0000e+00 s, species butyl_1(58) at 5.99365224496e+18 exceeded the minimum rate for simulation interruption of 0.25
At time 0.0000e+00 s, species npropyl(59) at 5.99365224496e+18 exceeded the minimum rate for simulation interruption of 0.25
At time 0.0000e+00 s, species [CH2]CCCC(60) at 8.15157112569e+18 exceeded the minimum rate for simulation interruption of 0.25
At time 0.0000e+00 s, species CC[CH]CCCC(61) at 2.88405191922e+18 exceeded the minimum rate for simulation interruption of 0.25
At time 0.0000e+00 s, species CCC[CH]CCC(62) at 1.44202595961e+18 exceeded the minimum rate for simulation interruption of 0.25
At time 0.0000e+00 s, species [CH2]CCCCC(63) at 2.90065350801e+18 exceeded the minimum rate for simulation interruption of 0.25
At time 0.0000e+00 s, species C[CH]CCCCC(64) at 3.38676710298e+18 exceeded the minimum rate for simulation interruption of 0.25
At time 0.0000e+00 s, species [CH2]CCCCCC(65) at 7.10269728412e+16 exceeded the minimum rate for simulation interruption of 0.25
At time 0.0000e+00 s, species CCCCCC(66) at 1.4138449448e+11 exceeded the minimum rate for simulation interruption of 0.25
At time 0.0000e+00 s, species [CH]1C=CCCCC1(67) at 2.1407712859e+26 exceeded the minimum rate for simulation interruption of 0.25
At time 0.0000e+00 s, species [CH]1CC=CCCC1(68) at 1.42923353266e+24 exceeded the minimum rate for simulation interruption of 0.25
At time 0.0000e+00 s, species [O]OC1[CH]C=CCCC1(69) at 7.3167327896e+24 exceeded the minimum rate for simulation interruption of 0.25
At time 0.0000e+00 s, species [O]OC1[CH]CCCC=C1(70) at 1.21367690459e+19 exceeded the minimum rate for simulation interruption of 0.25
Exceeded max number of objects...removing excess objects
Reached max number of objects...preparing to terminate
At time 0.0000e+00 s, species C1=CC2CCCC12(57) at rate ratio 1.09127298303e+31 exceeded the minimum rate for moving to model core of 0.25
At time 0.0000e+00 s, species [CH2]C=CC=CC[CH2](54) at rate ratio 2.27907342147e+29 exceeded the minimum rate for moving to model core of 0.25
terminating simulation due to interrupt...
conditions choosen for reactor 0 were: P = 14.617438655 bar, T = 700.001357573 K, 


Adding species C1=CC2CCCC12(57) to model core

Summary of Model Enlargement
---------------------------------
Added 1 new core species
    C1=CC2CCCC12(57)
Created 0 new edge species
Moved 1 reactions from edge to core
    C7H10(1) <=> C1=CC2CCCC12(57)
Added 0 new core reactions
Created 0 new edge reactions

After model enlargement:
    The model core has 15 species and 31 reactions
    The model edge has 57 species and 290 reactions


Adding species [CH2]C=CC=CC[CH2](54) to model core

Summary of Model Enlargement
---------------------------------
Added 1 new core species
    [CH2]C=CC=CC[CH2](54)
Created 0 new edge species
Moved 1 reactions from edge to core
    [CH2]C=CC=CC[CH2](54) <=> C7H10(1)
Added 0 new core reactions
Created 0 new edge reactions

After model enlargement:
    The model core has 16 species and 32 reactions
    The model edge has 56 species and 289 reactions


Error: Trying to step from time 0.0 to inf resulted in a solver (DASPK) error
Resurrecting Model...
Error: Model Resurrection has failed
Error: Core species names: ['H(4)', 'O(5)', 'OH(6)', 'H2(7)', 'H2O(8)', 'Ar(9)', 'He(10)', 'HO2(11)', 'H2O2(12)', 'N2', 'Ne', 'C7H10(1)', 'C7H16(2)', 'O2(3)', 'C7H10(57)', 'C7H10(54)']
Error: Core species moles: array([ nan,  nan,  nan,  nan,  nan,  nan,  nan,  nan,  nan,  nan,  nan,
        nan,  nan,  nan,  nan,  nan])
Error: Volume: nan
Error: Core species net rates: array([ nan,  nan,  nan,  nan,  nan,  nan,  nan,  nan,  nan,   0.,   0.,
        nan,   0.,  nan,  nan,  nan])
Error: Edge species net rates: array([], dtype=float64)
Error: Network leak rates: array([], dtype=float64)
Warning: Reaction thresholds/flags for Reaction System 1 was not updated due to simulation failure

For reaction generation 1 process is used.

Summary of Secondary Model Edge Enlargement
---------------------------------
Added 0 new core species
Created 0 new edge species
Added 0 new core reactions
Created 0 new edge reactions

After model enlargement:
    The model core has 16 species and 32 reactions
    The model edge has 56 species and 289 reactions


Saving current model core to Chemkin file...
Chemkin file contains 35 reactions.
Saving annotated version of Chemkin file...
Chemkin file contains 35 reactions.
Updating RMG execution statistics...
    Execution time (DD:HH:MM:SS): 00:00:01:41
    Memory used: 721.02 MB
Generating plots of execution statistics...

Conducting simulation of reaction system 1...
At time 0.0000e+00 s, species [CH]1C=CC=CCC1(41) at 1.46196100202 exceeded the minimum rate for simulation interruption of 0.25
At time 0.0000e+00 s, species [CH]1C=CCCCC1(67) at 1.45226519323 exceeded the minimum rate for simulation interruption of 0.25
Reached max number of objects...preparing to terminate
At time 0.0000e+00 s, species [CH]1C=CC=CCC1(41) at rate ratio 1.46196100202 exceeded the minimum rate for moving to model core of 0.25
At time 0.0000e+00 s, species [CH]1C=CCCCC1(67) at rate ratio 1.45226519323 exceeded the minimum rate for moving to model core of 0.25
terminating simulation due to interrupt...
conditions choosen for reactor 0 were: P = 11.6362401792 bar, T = 748.639730819 K, 


Adding species [CH]1C=CCCCC1(67) to model core

Summary of Model Enlargement
---------------------------------
Added 1 new core species
    [CH]1C=CCCCC1(67)
Created 0 new edge species
Added 0 new core reactions
Created 0 new edge reactions

After model enlargement:
    The model core has 17 species and 32 reactions
    The model edge has 55 species and 289 reactions


Adding species [CH]1C=CC=CCC1(41) to model core

Summary of Model Enlargement
---------------------------------
Added 1 new core species
    [CH]1C=CC=CCC1(41)
Created 0 new edge species
Moved 3 reactions from edge to core
    H(4) + [CH]1C=CC=CCC1(41) <=> C7H10(1)
    [CH]1C=CC=CCC1(41) + [CH]1C=CCCCC1(67) <=> C7H10(1) + C7H10(1)
    [CH]1C=CC=CCC1(41) + HO2(11) <=> C7H10(1) + O2(3)
Added 0 new core reactions
Created 0 new edge reactions

After model enlargement:
    The model core has 18 species and 35 reactions
    The model edge has 54 species and 286 reactions


