*** Collision rate limit violators report ***
"Violation factor" is the ratio of the rate coefficient to the collision limit rate at the relevant conditions

OH(11) + H(4) <=> H2O(33)
Arrhenius(A=(1.62e+14,'cm^3/(mol*s)'), n=0, Ea=(0.6276,'kJ/mol'), T0=(1,'K'), Tmin=(300,'K'), Tmax=(2100,'K'))
Matched reaction 64 H + OH <=> H2O in R_Recombination/training
This reaction matched rate rule [O_pri_rad;H_rad]
family: R_Recombination
Direction: forward
Violation factor: 1.06
Violation condition: 700.0 K, 20.0 bar

CH3O(19) + HCO(39) <=> CH2O(24) + CH2O(24)
Arrhenius(A=(1.71712e+08,'m^3/(mol*s)'), n=0, Ea=(0,'kJ/mol'), T0=(1,'K'))
Estimated using average of templates [Y_rad;Cmethyl_Orad] + [CO_pri_rad;XH_s_Rrad] for rate rule [CO_pri_rad;Cmethyl_Orad]
Euclidian distance = 2.0
Multiplied by reaction path degeneracy 3.0
family: Disproportionation
Direction: forward
Violation factor: 2.15
Violation condition: 700.0 K, 20.0 bar

CH3O(19) + HCO(39) <=> CH2O(24) + CH2O(24)
Arrhenius(A=(1.71712e+08,'m^3/(mol*s)'), n=0, Ea=(0,'kJ/mol'), T0=(1,'K'))
Estimated using average of templates [Y_rad;Cmethyl_Orad] + [CO_pri_rad;XH_s_Rrad] for rate rule [CO_pri_rad;Cmethyl_Orad]
Euclidian distance = 2.0
Multiplied by reaction path degeneracy 3.0
family: Disproportionation
Direction: forward
Violation factor: 1.90
Violation condition: 1000.0 K, 20.0 bar

CH3O(19) + HCO(39) <=> CH2O(24) + CH2O(24)
Arrhenius(A=(1.71712e+08,'m^3/(mol*s)'), n=0, Ea=(0,'kJ/mol'), T0=(1,'K'))
Estimated using average of templates [Y_rad;Cmethyl_Orad] + [CO_pri_rad;XH_s_Rrad] for rate rule [CO_pri_rad;Cmethyl_Orad]
Euclidian distance = 2.0
Multiplied by reaction path degeneracy 3.0
family: Disproportionation
Direction: forward
Violation factor: 2.15
Violation condition: 700.0 K, 20.0 bar

CH3O(19) + HCO(39) <=> CH2O(24) + CH2O(24)
Arrhenius(A=(1.71712e+08,'m^3/(mol*s)'), n=0, Ea=(0,'kJ/mol'), T0=(1,'K'))
Estimated using average of templates [Y_rad;Cmethyl_Orad] + [CO_pri_rad;XH_s_Rrad] for rate rule [CO_pri_rad;Cmethyl_Orad]
Euclidian distance = 2.0
Multiplied by reaction path degeneracy 3.0
family: Disproportionation
Direction: forward
Violation factor: 1.90
Violation condition: 1000.0 K, 20.0 bar

CH3O(19) + HCO(39) <=> CO(40) + CH3OH(35)
Arrhenius(A=(9.03e+13,'cm^3/(mol*s)','*|/',3), n=0, Ea=(0,'cal/mol'), T0=(1,'K'))
Matched reaction 4 HCO + CH3O <=> CO + CH3OH in CO_Disproportionation/training
This reaction matched rate rule [O_rad/NonDeC;HCO]
family: CO_Disproportionation
Direction: forward
Violation factor: 1.13
Violation condition: 700.0 K, 20.0 bar

HCO(39) + CH2OH(41) <=> CH2O(24) + CH2O(24)
Arrhenius(A=(1.81e+14,'cm^3/(mol*s)','*|/',3), n=0, Ea=(0,'kJ/mol'), T0=(1,'K'), Tmin=(300,'K'), Tmax=(2500,'K'))
Matched reaction 64 CHO + CH3O <=> CH2O-3 + CH2O in Disproportionation/training
This reaction matched rate rule [CO_pri_rad;O_Csrad]
family: Disproportionation
Direction: forward
Violation factor: 2.27
Violation condition: 700.0 K, 20.0 bar

HCO(39) + CH2OH(41) <=> CH2O(24) + CH2O(24)
Arrhenius(A=(1.81e+14,'cm^3/(mol*s)','*|/',3), n=0, Ea=(0,'kJ/mol'), T0=(1,'K'), Tmin=(300,'K'), Tmax=(2500,'K'))
Matched reaction 64 CHO + CH3O <=> CH2O-3 + CH2O in Disproportionation/training
This reaction matched rate rule [CO_pri_rad;O_Csrad]
family: Disproportionation
Direction: forward
Violation factor: 2.00
Violation condition: 1000.0 K, 20.0 bar

HCO(39) + CH2OH(41) <=> CH2O(24) + CH2O(24)
Arrhenius(A=(1.81e+14,'cm^3/(mol*s)','*|/',3), n=0, Ea=(0,'kJ/mol'), T0=(1,'K'), Tmin=(300,'K'), Tmax=(2500,'K'))
Matched reaction 64 CHO + CH3O <=> CH2O-3 + CH2O in Disproportionation/training
This reaction matched rate rule [CO_pri_rad;O_Csrad]
family: Disproportionation
Direction: forward
Violation factor: 2.27
Violation condition: 700.0 K, 20.0 bar

HCO(39) + CH2OH(41) <=> CH2O(24) + CH2O(24)
Arrhenius(A=(1.81e+14,'cm^3/(mol*s)','*|/',3), n=0, Ea=(0,'kJ/mol'), T0=(1,'K'), Tmin=(300,'K'), Tmax=(2500,'K'))
Matched reaction 64 CHO + CH3O <=> CH2O-3 + CH2O in Disproportionation/training
This reaction matched rate rule [CO_pri_rad;O_Csrad]
family: Disproportionation
Direction: forward
Violation factor: 2.00
Violation condition: 1000.0 K, 20.0 bar

O(12) + CH2OH(41) <=> CH2O(24) + OH(11)
Arrhenius(A=(9.04e+13,'cm^3/(mol*s)','+|-',3.01e+13), n=0, Ea=(0,'kJ/mol'), T0=(1,'K'), Tmin=(298,'K'))
Matched reaction 54 CH3O + O <=> HO-2 + CH2O in Disproportionation/training
This reaction matched rate rule [O_atom_triplet;O_Csrad]
family: Disproportionation
Direction: forward
Violation factor: 1.22
Violation condition: 700.0 K, 20.0 bar

O(12) + CH2OH(41) <=> CH2O(24) + OH(11)
Arrhenius(A=(9.04e+13,'cm^3/(mol*s)','+|-',3.01e+13), n=0, Ea=(0,'kJ/mol'), T0=(1,'K'), Tmin=(298,'K'))
Matched reaction 54 CH3O + O <=> HO-2 + CH2O in Disproportionation/training
This reaction matched rate rule [O_atom_triplet;O_Csrad]
family: Disproportionation
Direction: forward
Violation factor: 1.07
Violation condition: 1000.0 K, 20.0 bar

O(12) + CH2OH(41) <=> CH2O(24) + OH(11)
Arrhenius(A=(9.04e+13,'cm^3/(mol*s)','+|-',3.01e+13), n=0, Ea=(0,'kJ/mol'), T0=(1,'K'), Tmin=(298,'K'))
Matched reaction 54 CH3O + O <=> HO-2 + CH2O in Disproportionation/training
This reaction matched rate rule [O_atom_triplet;O_Csrad]
family: Disproportionation
Direction: forward
Violation factor: 1.22
Violation condition: 700.0 K, 20.0 bar

O(12) + CH2OH(41) <=> CH2O(24) + OH(11)
Arrhenius(A=(9.04e+13,'cm^3/(mol*s)','+|-',3.01e+13), n=0, Ea=(0,'kJ/mol'), T0=(1,'K'), Tmin=(298,'K'))
Matched reaction 54 CH3O + O <=> HO-2 + CH2O in Disproportionation/training
This reaction matched rate rule [O_atom_triplet;O_Csrad]
family: Disproportionation
Direction: forward
Violation factor: 1.07
Violation condition: 1000.0 K, 20.0 bar

HOCO(82) + HCO(39) <=> CH2O(24) + CO2(174)
Arrhenius(A=(1.81e+14,'cm^3/(mol*s)','*|/',3), n=0, Ea=(0,'kJ/mol'), T0=(1,'K'), Tmin=(300,'K'), Tmax=(2500,'K'))
Estimated using template [CO_pri_rad;O_Rrad] for rate rule [CO_pri_rad;O_COrad]
Euclidian distance = 1.0
family: Disproportionation
Direction: forward
Violation factor: 2.53
Violation condition: 700.0 K, 20.0 bar

HOCO(82) + HCO(39) <=> CH2O(24) + CO2(174)
Arrhenius(A=(1.81e+14,'cm^3/(mol*s)','*|/',3), n=0, Ea=(0,'kJ/mol'), T0=(1,'K'), Tmin=(300,'K'), Tmax=(2500,'K'))
Estimated using template [CO_pri_rad;O_Rrad] for rate rule [CO_pri_rad;O_COrad]
Euclidian distance = 1.0
family: Disproportionation
Direction: forward
Violation factor: 2.23
Violation condition: 1000.0 K, 20.0 bar

CH3O(19) + HOCO(82) <=> CH2O(24) + formic_acid(71)
Arrhenius(A=(5.43e+08,'m^3/(mol*s)'), n=0, Ea=(0,'kJ/mol'), T0=(1,'K'))
Estimated using template [CO_rad;XH_s_Rrad] for rate rule [CO_rad/NonDe;Cmethyl_Orad]
Euclidian distance = 2.82842712475
Multiplied by reaction path degeneracy 3.0
family: Disproportionation
Direction: forward
Violation factor: 7.54
Violation condition: 700.0 K, 20.0 bar

CH3O(19) + HOCO(82) <=> CH2O(24) + formic_acid(71)
Arrhenius(A=(5.43e+08,'m^3/(mol*s)'), n=0, Ea=(0,'kJ/mol'), T0=(1,'K'))
Estimated using template [CO_rad;XH_s_Rrad] for rate rule [CO_rad/NonDe;Cmethyl_Orad]
Euclidian distance = 2.82842712475
Multiplied by reaction path degeneracy 3.0
family: Disproportionation
Direction: forward
Violation factor: 6.65
Violation condition: 1000.0 K, 20.0 bar

HOCO(82) + CH2OH(41) <=> CH2O(24) + formic_acid(71)
Arrhenius(A=(1.81e+14,'cm^3/(mol*s)','*|/',3), n=0, Ea=(0,'kJ/mol'), T0=(1,'K'), Tmin=(300,'K'), Tmax=(2500,'K'))
Estimated using template [CO_rad;O_Csrad] for rate rule [CO_rad/NonDe;O_Csrad]
Euclidian distance = 2.0
family: Disproportionation
Direction: forward
Violation factor: 2.51
Violation condition: 700.0 K, 20.0 bar

HOCO(82) + CH2OH(41) <=> CH2O(24) + formic_acid(71)
Arrhenius(A=(1.81e+14,'cm^3/(mol*s)','*|/',3), n=0, Ea=(0,'kJ/mol'), T0=(1,'K'), Tmin=(300,'K'), Tmax=(2500,'K'))
Estimated using template [CO_rad;O_Csrad] for rate rule [CO_rad/NonDe;O_Csrad]
Euclidian distance = 2.0
family: Disproportionation
Direction: forward
Violation factor: 2.22
Violation condition: 1000.0 K, 20.0 bar

HOCO(82) + HOCO(82) <=> formic_acid(71) + CO2(174)
Arrhenius(A=(1.81e+08,'m^3/(mol*s)'), n=0, Ea=(0,'kJ/mol'), T0=(1,'K'))
Estimated using template [CO_rad;O_Rrad] for rate rule [CO_rad/NonDe;O_COrad]
Euclidian distance = 2.2360679775
family: Disproportionation
Direction: forward
Violation factor: 2.86
Violation condition: 700.0 K, 20.0 bar

HOCO(82) + HOCO(82) <=> formic_acid(71) + CO2(174)
Arrhenius(A=(1.81e+08,'m^3/(mol*s)'), n=0, Ea=(0,'kJ/mol'), T0=(1,'K'))
Estimated using template [CO_rad;O_Rrad] for rate rule [CO_rad/NonDe;O_COrad]
Euclidian distance = 2.2360679775
family: Disproportionation
Direction: forward
Violation factor: 2.52
Violation condition: 1000.0 K, 20.0 bar

