*** Collision rate limit violators report ***
"Violation factor" is the ratio of the rate coefficient to the collision limit rate at the relevant conditions

OH(D)(11) + H(4) <=> H2O(33)
Arrhenius(A=(1.62e+14,'cm^3/(mol*s)'), n=0, Ea=(0.6276,'kJ/mol'), T0=(1,'K'), Tmin=(300,'K'), Tmax=(2100,'K'))
Matched reaction 64 H + OH <=> H2O in R_Recombination/training
This reaction matched rate rule [O_pri_rad;H_rad]
family: R_Recombination
Direction: forward
Violation factor: 1.06
Violation condition: 700.0 K, 20.0 bar

C[O](19) + [CH]=O(39) <=> C=O(24) + C=O(24)
Arrhenius(A=(1.71712e+08,'m^3/(mol*s)'), n=0, Ea=(0,'kJ/mol'), T0=(1,'K'))
Estimated using average of templates [Y_rad;Cmethyl_Orad] + [CO_pri_rad;XH_s_Rrad] for rate rule [CO_pri_rad;Cmethyl_Orad]
Euclidian distance = 2.0
Multiplied by reaction path degeneracy 3.0
family: Disproportionation
Direction: forward
Violation factor: 2.15
Violation condition: 700.0 K, 20.0 bar

C[O](19) + [CH]=O(39) <=> C=O(24) + C=O(24)
Arrhenius(A=(1.71712e+08,'m^3/(mol*s)'), n=0, Ea=(0,'kJ/mol'), T0=(1,'K'))
Estimated using average of templates [Y_rad;Cmethyl_Orad] + [CO_pri_rad;XH_s_Rrad] for rate rule [CO_pri_rad;Cmethyl_Orad]
Euclidian distance = 2.0
Multiplied by reaction path degeneracy 3.0
family: Disproportionation
Direction: forward
Violation factor: 1.90
Violation condition: 1000.0 K, 20.0 bar

[O]C=O(81) + [CH]=O(39) <=> O=C=O(203) + C=O(24)
Arrhenius(A=(1.81e+14,'cm^3/(mol*s)','*|/',3), n=0, Ea=(0,'kJ/mol'), T0=(1,'K'), Tmin=(300,'K'), Tmax=(2500,'K'))
Estimated using template [CO_pri_rad;XH_s_Rrad] for rate rule [CO_pri_rad;COpri_Orad]
Euclidian distance = 2.0
family: Disproportionation
Direction: forward
Violation factor: 2.53
Violation condition: 700.0 K, 20.0 bar

[O]C=O(81) + [CH]=O(39) <=> O=C=O(203) + C=O(24)
Arrhenius(A=(1.81e+14,'cm^3/(mol*s)','*|/',3), n=0, Ea=(0,'kJ/mol'), T0=(1,'K'), Tmin=(300,'K'), Tmax=(2500,'K'))
Estimated using template [CO_pri_rad;XH_s_Rrad] for rate rule [CO_pri_rad;COpri_Orad]
Euclidian distance = 2.0
family: Disproportionation
Direction: forward
Violation factor: 2.23
Violation condition: 1000.0 K, 20.0 bar

C[O](19) + O=[C]OO(78) <=> C=O(24) + O=COO(69)
Arrhenius(A=(5.43e+08,'m^3/(mol*s)'), n=0, Ea=(0,'kJ/mol'), T0=(1,'K'))
Estimated using template [CO_rad;XH_s_Rrad] for rate rule [CO_rad/NonDe;Cmethyl_Orad]
Euclidian distance = 2.82842712475
Multiplied by reaction path degeneracy 3.0
family: Disproportionation
Direction: forward
Violation factor: 4.88
Violation condition: 700.0 K, 20.0 bar

C[O](19) + O=[C]OO(78) <=> C=O(24) + O=COO(69)
Arrhenius(A=(5.43e+08,'m^3/(mol*s)'), n=0, Ea=(0,'kJ/mol'), T0=(1,'K'))
Estimated using template [CO_rad;XH_s_Rrad] for rate rule [CO_rad/NonDe;Cmethyl_Orad]
Euclidian distance = 2.82842712475
Multiplied by reaction path degeneracy 3.0
family: Disproportionation
Direction: forward
Violation factor: 4.31
Violation condition: 1000.0 K, 20.0 bar

[O]C=O(81) + O=[C]OO(78) <=> O=C=O(203) + O=COO(69)
Arrhenius(A=(1.81e+08,'m^3/(mol*s)'), n=0, Ea=(0,'kJ/mol'), T0=(1,'K'))
Estimated using template [CO_rad;XH_s_Rrad] for rate rule [CO_rad/NonDe;COpri_Orad]
Euclidian distance = 2.82842712475
family: Disproportionation
Direction: forward
Violation factor: 1.87
Violation condition: 700.0 K, 20.0 bar

[O]C=O(81) + O=[C]OO(78) <=> O=C=O(203) + O=COO(69)
Arrhenius(A=(1.81e+08,'m^3/(mol*s)'), n=0, Ea=(0,'kJ/mol'), T0=(1,'K'))
Estimated using template [CO_rad;XH_s_Rrad] for rate rule [CO_rad/NonDe;COpri_Orad]
Euclidian distance = 2.82842712475
family: Disproportionation
Direction: forward
Violation factor: 1.65
Violation condition: 1000.0 K, 20.0 bar

C[CH2](64) + O=[C]OO(78) <=> O=COO(69) + C=C(730)
Arrhenius(A=(5.43e+08,'m^3/(mol*s)'), n=0, Ea=(0,'kJ/mol'), T0=(1,'K'))
Estimated using template [CO_rad;XH_s_Rrad] for rate rule [CO_rad/NonDe;Cmethyl_Csrad]
Euclidian distance = 2.82842712475
Multiplied by reaction path degeneracy 3.0
family: Disproportionation
Direction: forward
Violation factor: 4.20
Violation condition: 700.0 K, 20.0 bar

C[CH2](64) + O=[C]OO(78) <=> O=COO(69) + C=C(730)
Arrhenius(A=(5.43e+08,'m^3/(mol*s)'), n=0, Ea=(0,'kJ/mol'), T0=(1,'K'))
Estimated using template [CO_rad;XH_s_Rrad] for rate rule [CO_rad/NonDe;Cmethyl_Csrad]
Euclidian distance = 2.82842712475
Multiplied by reaction path degeneracy 3.0
family: Disproportionation
Direction: forward
Violation factor: 3.71
Violation condition: 1000.0 K, 20.0 bar

[CH]=O(39) + [CH2]O(41) <=> C=O(24) + C=O(24)
Arrhenius(A=(1.81e+14,'cm^3/(mol*s)','*|/',3), n=0, Ea=(0,'kJ/mol'), T0=(1,'K'), Tmin=(300,'K'), Tmax=(2500,'K'))
Matched reaction 64 CHO + CH3O <=> CH2O-3 + CH2O in Disproportionation/training
This reaction matched rate rule [CO_pri_rad;O_Csrad]
family: Disproportionation
Direction: forward
Violation factor: 2.27
Violation condition: 700.0 K, 20.0 bar

[CH]=O(39) + [CH2]O(41) <=> C=O(24) + C=O(24)
Arrhenius(A=(1.81e+14,'cm^3/(mol*s)','*|/',3), n=0, Ea=(0,'kJ/mol'), T0=(1,'K'), Tmin=(300,'K'), Tmax=(2500,'K'))
Matched reaction 64 CHO + CH3O <=> CH2O-3 + CH2O in Disproportionation/training
This reaction matched rate rule [CO_pri_rad;O_Csrad]
family: Disproportionation
Direction: forward
Violation factor: 2.00
Violation condition: 1000.0 K, 20.0 bar

O=[C]OO(78) + [CH2]O(41) <=> C=O(24) + O=COO(69)
Arrhenius(A=(1.81e+14,'cm^3/(mol*s)','*|/',3), n=0, Ea=(0,'kJ/mol'), T0=(1,'K'), Tmin=(300,'K'), Tmax=(2500,'K'))
Estimated using template [CO_rad;O_Csrad] for rate rule [CO_rad/NonDe;O_Csrad]
Euclidian distance = 2.0
family: Disproportionation
Direction: forward
Violation factor: 1.63
Violation condition: 700.0 K, 20.0 bar

O=[C]OO(78) + [CH2]O(41) <=> C=O(24) + O=COO(69)
Arrhenius(A=(1.81e+14,'cm^3/(mol*s)','*|/',3), n=0, Ea=(0,'kJ/mol'), T0=(1,'K'), Tmin=(300,'K'), Tmax=(2500,'K'))
Estimated using template [CO_rad;O_Csrad] for rate rule [CO_rad/NonDe;O_Csrad]
Euclidian distance = 2.0
family: Disproportionation
Direction: forward
Violation factor: 1.44
Violation condition: 1000.0 K, 20.0 bar

