Using Theano backend.
:root:Removing old /scratch/qin.she/Code/chpd/1heptane/RMG_backup.log
:root:Moving /scratch/qin.she/Code/chpd/1heptane/RMG.log to /scratch/qin.she/Code/chpd/1heptane/RMG_backup.log

/home/qin.she/anaconda2/envs/rmg_env/lib/python2.7/site-packages/matplotlib/axes/_base.py:3157: UserWarning: Attempted to set non-positive xlimits for log-scale axis; invalid limits will be ignored.
  'Attempted to set non-positive xlimits for log-scale axis; '
Traceback (most recent call last):
  File "/home/qin.she/Code/RMG-Py/rmg.py", line 181, in <module>
    main()
  File "/home/qin.she/Code/RMG-Py/rmg.py", line 166, in main
    cProfile.runctx(command, global_vars, local_vars, stats_file)
  File "/home/qin.she/anaconda2/envs/rmg_env/lib/python2.7/cProfile.py", line 49, in runctx
    prof = prof.runctx(statement, globals, locals)
  File "/home/qin.she/anaconda2/envs/rmg_env/lib/python2.7/cProfile.py", line 140, in runctx
    exec cmd in globals, locals
  File "<string>", line 1, in <module>
  File "/home/qin.she/Code/RMG-Py/rmgpy/rmg/main.py", line 804, in execute
    self.reactionModel.enlarge(objectToEnlarge)
  File "/home/qin.she/Code/RMG-Py/rmgpy/rmg/model.py", line 638, in enlarge
    self.updateUnimolecularReactionNetworks()
  File "/home/qin.she/Code/RMG-Py/rmgpy/rmg/model.py", line 1697, in updateUnimolecularReactionNetworks
    network.update(self, self.pressureDependence)
  File "/home/qin.she/Code/RMG-Py/rmgpy/rmg/pdep.py", line 764, in update
    K = self.calculateRateCoefficients(Tlist, Plist, method)
  File "/home/qin.she/Code/RMG-Py/rmgpy/pdep/network.py", line 249, in calculateRateCoefficients
    self.setConditions(T, P)
  File "/home/qin.she/Code/RMG-Py/rmgpy/pdep/network.py", line 366, in setConditions
    raise error
rmgpy.exceptions.InvalidMicrocanonicalRateError
