*** Collision rate limit violators report ***
"Violation factor" is the ratio of the rate coefficient to the collision limit rate at the relevant conditions

[O]O(18) + C=C=C(718) <=> [CH2]C(=C)OO(2415)
Arrhenius(A=(0.0574818,'m^3/(mol*s)'), n=2.29625, Ea=(-56.6762,'kJ/mol'), T0=(1,'K'), Tmin=(303.03,'K'), Tmax=(2000,'K'))
Estimated using template [Cdd_Cds;OJ-O2s] for rate rule [Ca_Cds-HH;OJ-O2s]
Euclidian distance = 2.0
family: R_Addition_MultipleBond
Direction: forward
Violation factor: 35.73
Violation condition: 700.0 K, 20.0 bar

[O]O(18) + C=C=C(718) <=> [CH2]C(=C)OO(2415)
Arrhenius(A=(0.0574818,'m^3/(mol*s)'), n=2.29625, Ea=(-56.6762,'kJ/mol'), T0=(1,'K'), Tmin=(303.03,'K'), Tmax=(2000,'K'))
Estimated using template [Cdd_Cds;OJ-O2s] for rate rule [Ca_Cds-HH;OJ-O2s]
Euclidian distance = 2.0
family: R_Addition_MultipleBond
Direction: forward
Violation factor: 3.85
Violation condition: 1000.0 K, 20.0 bar

OH(D)(26) + H(9) <=> H2O(447)
Arrhenius(A=(1.62e+14,'cm^3/(mol*s)'), n=0, Ea=(0.6276,'kJ/mol'), T0=(1,'K'), Tmin=(300,'K'), Tmax=(2100,'K'))
Matched reaction 64 H + OH <=> H2O in R_Recombination/training
This reaction matched rate rule [O_pri_rad;H_rad]
family: R_Recombination
Direction: forward
Violation factor: 1.06
Violation condition: 700.0 K, 20.0 bar

