Global RMG Settings:
   test_data.directory  = /home/qin.she/Code/RMG-Py/rmgpy/test_data (Default, relative to RMG-Py source code)
   database.directory   = /home/qin.she/Code/RMG-database/input (Default, relative to RMG-Py source code)
RMG execution initiated at Fri Aug  2 17:42:59 2019

#########################################################
# RMG-Py - Reaction Mechanism Generator in Python       #
# Version: 2.4.1                                        #
# Authors: RMG Developers (rmg_dev@mit.edu)             #
# P.I.s:   William H. Green (whgreen@mit.edu)           #
#          Richard H. West (r.west@neu.edu)             #
# Website: http://reactionmechanismgenerator.github.io/ #
#########################################################

The current git HEAD for RMG-Py is:
	589ba9aa7d1c9ac6fd465d43757c0a628086dc8e
	Wed Jul 31 22:25:11 2019 -0400

The current git HEAD for RMG-database is:
	5cf1e123de3073c31f01e0dcb25821a4943c387c
	Fri Jul 26 16:45:32 2019 -0400

Reading input file "/scratch/qin.she/Code/chpd/2heptane/input.py"...
#Data sources
database(
    thermoLibraries =['BurkeH2O2','FFCM1(-)','thermo_DFT_CCSDTF12_BAC','CBS_QB3_1dHR','DFT_QCI_thermo','primaryThermoLibrary'], # 'FFCM1(-)','primaryThermoLibrary', 'BurkeH2O2','DFT_QCI_thermo','CBS_QB3_1dHR'
    reactionLibraries = [('2005_Senosiain_OH_C2H2',False),('Glarborg/C3', False)], # 
    seedMechanisms = ['BurkeH2O2inN2','FFCM1(-)','7.30heptane1Seed'], #
    kineticsDepositories = ['training'], 
    kineticsFamilies = ['default'],
    kineticsEstimator = 'rate rules',
)

# Constraints on generated species
generatedSpeciesConstraints(
    maximumRadicalElectrons = 2,
    allowed=['input species','seed mechanisms','reaction libraries'],
    maximumCarbonAtoms=9,
    maximumOxygenAtoms=4,
    allowSingletO2=True,
)

# List of species
species(
    label='C7H16',
    reactive=True,
    structure=SMILES("CCCCCCC"),
)
species(    
    label='O2',
    reactive=True,
    structure=SMILES("[O][O]"),
)
species(
    label='N2',
    reactive=False,
    structure=SMILES("N#N")
)





# Reaction systems
simpleReactor(
    temperature=[(600,'K'),(1500,'K')],
    pressure=[(10.0,'bar'),(40.0,'bar')],
    nSims=8,
    initialMoleFractions={
        #"C7H10": 1,
        "O2":   0.10885, # phi=1 means 9.5 O2 per C7H10
        "N2":   0.881684808, # 8.1 times as much N2 as O2
        "C7H16":0.00946, #  
           
    },
    terminationTime = (2.0, 's'),
    terminationRateRatio = 0.01,
    terminationConversion={
                'O2': 0.5,
        },
)

simulator(
    atol=1e-16,
    rtol=1e-8,
)


model(
    toleranceKeepInEdge=0, # No pruning to start
    toleranceMoveToCore=0.5,
    toleranceInterruptSimulation=1,
    maxNumObjsPerIter=3, 
    terminateAtMaxObjects=True,
    maxNumSpecies=200, # first stage is until core reaches 100 species
    filterReactions=True, # should speed up model generation
)

model(
    toleranceMoveToCore=0.4,
    toleranceInterruptSimulation=1e8,
    toleranceKeepInEdge=0.01, # Pruning enabled for stage 2
    maximumEdgeSpecies=200000,
    minCoreSizeForPrune=100,
    minSpeciesExistIterationsForPrune=2,
    filterReactions=True,
    )

options(
    units='si',
    # saveRestartPeriod=(1,'hour'),
    generateOutputHTML=False,
    generatePlots=True,
    saveSimulationProfiles=True,
    saveEdgeSpecies=False,
)


"""
uncertainty(
    localAnalysis=False,
    globalAnalysis=False,
    uncorrelated=True,
    correlated=True,
    localNumber=10,
    globalNumber=5,
    terminationTime=None,
    pceRunTime=1800,
    logx=True
)
""" 

#quantumMechanics(
#    software='mopac',
#    method='pm3',
    # fileStore='QMfiles', # relative to where you run it from. Defaults to inside the output folder if not defined.
#    scratchDirectory = None, # not currently used
#    onlyCyclics = True,
#    maxRadicalNumber = 0,
#    )

#pressureDependence(
#    method='modified strong collision',
#    maximumGrainSize=(0.5,'kcal/mol'),
#    minimumNumberOfGrains=250,
#    temperatures=(300,2000,'K',8),
#    pressures=(0.01,100,'bar',5),
#    interpolation=('Chebyshev', 6, 4),
#)




Loading thermodynamics library from BurkeH2O2.py in /home/qin.she/Code/RMG-database/input/thermo/libraries...
Loading thermodynamics library from FFCM1(-).py in /home/qin.she/Code/RMG-database/input/thermo/libraries...
Loading thermodynamics library from thermo_DFT_CCSDTF12_BAC.py in /home/qin.she/Code/RMG-database/input/thermo/libraries...
Loading thermodynamics library from CBS_QB3_1dHR.py in /home/qin.she/Code/RMG-database/input/thermo/libraries...
Loading thermodynamics library from DFT_QCI_thermo.py in /home/qin.she/Code/RMG-database/input/thermo/libraries...
Loading thermodynamics library from primaryThermoLibrary.py in /home/qin.she/Code/RMG-database/input/thermo/libraries...
Loading thermodynamics group database from /home/qin.she/Code/RMG-database/input/thermo/groups...
Loading transport library from PrimaryTransportLibrary.py in /home/qin.she/Code/RMG-database/input/transport/libraries...
Loading transport library from GRI-Mech.py in /home/qin.she/Code/RMG-database/input/transport/libraries...
Loading transport library from NOx2018.py in /home/qin.she/Code/RMG-database/input/transport/libraries...
Loading transport library from OneDMinN2.py in /home/qin.she/Code/RMG-database/input/transport/libraries...
Loading transport group database from /home/qin.she/Code/RMG-database/input/transport/groups...
Loading kinetics library BurkeH2O2inN2 from /home/qin.she/Code/RMG-database/input/kinetics/libraries/BurkeH2O2inN2/reactions.py...
Loading kinetics library FFCM1(-) from /home/qin.she/Code/RMG-database/input/kinetics/libraries/FFCM1(-)/reactions.py...
