Global RMG Settings:
   test_data.directory  = /home/qin.she/Code/RMG-Py/rmgpy/test_data (Default, relative to RMG-Py source code)
   database.directory   = /home/qin.she/Code/RMG-database/input (Default, relative to RMG-Py source code)
RMG execution initiated at Fri Jun 28 16:54:13 2019

#########################################################
# RMG-Py - Reaction Mechanism Generator in Python       #
# Version: 2.4.0                                        #
# Authors: RMG Developers (rmg_dev@mit.edu)             #
# P.I.s:   William H. Green (whgreen@mit.edu)           #
#          Richard H. West (r.west@neu.edu)             #
# Website: http://reactionmechanismgenerator.github.io/ #
#########################################################

The current git HEAD for RMG-Py is:
	93fac25d64dd088f8001f52d2dcc88b2b2d4b4d2
	Mon Jun 24 10:22:08 2019 -0400

The current git HEAD for RMG-database is:
	a3c960c9116608a4a168bb2b890b296439d91b98
	Mon Jun 17 16:32:25 2019 -0400

Reading input file "/scratch/qin.she/Code/chpd/quick_blend3/input.py"...
#Data sources
database(
    thermoLibraries = ['primaryThermoLibrary'],  # 'primaryThermoLibrary' 'BurkeH2O2','DFT_QCI_thermo'],#['BurkeH2O2','FFCM1(-)','primaryThermoLibrary','DFT_QCI_thermo','CBS_QB3_1dHR'],
    reactionLibraries = [],  #[('FFCM1(-)',False),('2005_Senosiain_OH_C2H2',False)],
    seedMechanisms = [],    #['BurkeH2O2inN2'],
    kineticsDepositories = ['training'], 
    kineticsFamilies = 'default',
    kineticsEstimator = 'rate rules',
)

# Constraints on generated species
generatedSpeciesConstraints(
    maximumRadicalElectrons = 2,
    allowed=['input species','seed mechanisms','reaction libraries'],
    maximumCarbonAtoms=10,
    allowSingletO2 = False,
)
#this is a test#
#test local vs#
# List of species
species(
    label='C7H10',
    reactive=True,
    structure=SMILES("C1C=CCCCC=1"),
)
species(
    label='C7H16',
    reactive=True,
    structure=SMILES("CCCCCCC"),
)
species(
    label='O2',
    reactive=True,
        structure=adjacencyList(
        """
        1 O u1 p2 {2,S}
        2 O u1 p2 {1,S}
        """),
)
species(
    label='N2',
    reactive=False,
    structure=SMILES("N#N")
)

#species choosen from "file:///C:/Users/qinsh/Desktop/chpd/quick_chpd/output.html", based on their concentration value.

"""
species(
    label='C7H10(146)',
    reactive=True,
    structure=SMILES("C=CC=CCC=C")
)
species(
    label='C7H10(153)',
    reactive=True,
    structure=SMILES("C=CC=CC1CC1")
)
species(
    label='C7H9(5)',
    reactive=True,
    structure=SMILES("[CH]1C=CCCC=C1")
)
species(
    label='C5H7(210)',
    reactive=True,
    structure=SMILES("[CH2]C=CC=C")
)
species(
    label='C2H4(115)',
    reactive=True,
    structure=SMILES("C=C")
)
species(
    label='C7H11(22)',
    reactive=True,
    structure=SMILES("[CH]1C=CCCCC1")
)
species(
    label='C7H10(21)',
    reactive=True,
    structure=SMILES("C1=CC2CCCC12")
)
species(
    label='C7H10(65)',
    reactive=True,
    structure=SMILES("C1=CCCC=CC1")
)
species(
    label='C7H10(18)',
    reactive=True,
    structure=SMILES("[CH2]C=CC=CC[CH2]")
)
species(
    label='C7H10(238)',
    reactive=True,
    structure=SMILES("C=CCC1C=CC1")
)
species(
    label='S(66)',
    reactive=True,
    structure=SMILES("[O]OC1C=CCCCC1")
)
species(
    label='C7H11(46)',
    reactive=True,
    structure=SMILES("[CH2]CCC=CC=C")
)
species(
    label='C7H10(187)',
    reactive=True,
    structure=SMILES("C1=CC(C1)C1CC1")
)
species(
    label='Cycloheptene', # (19)
    reactive=True,
    structure=adjacencyList(
        ""
        1 C u0 p0 c0 {2,S} {3,S} {8,S} {9,S}
        2 C u0 p0 c0 {1,S} {4,S} {10,S} {11,S}
        3 C u0 p0 c0 {1,S} {5,S} {12,S} {13,S}
        4 C u0 p0 c0 {2,S} {6,S} {14,S} {15,S}
        5 C u0 p0 c0 {3,S} {7,S} {16,S} {17,S}
        6 C u0 p0 c0 {4,S} {7,D} {18,S}
        7 C u0 p0 c0 {5,S} {6,D} {19,S}
        8 H u0 p0 c0 {1,S}
        9 H u0 p0 c0 {1,S}
        10 H u0 p0 c0 {2,S}
        11 H u0 p0 c0 {2,S}
        12 H u0 p0 c0 {3,S}
        13 H u0 p0 c0 {3,S}
        14 H u0 p0 c0 {4,S}
        15 H u0 p0 c0 {4,S}
        16 H u0 p0 c0 {5,S}
        17 H u0 p0 c0 {5,S}
        18 H u0 p0 c0 {6,S}
        19 H u0 p0 c0 {7,S}
        ""),
)
species(
    label='C7H8(58)',
    reactive=True,
    structure=SMILES("C1=CC=CCC=C1")
)
species(
    label='C5H8(336)',
    reactive=True,
    structure=SMILES("C=CC=CC")
)
species(
    label='S(388)',
    reactive=True,
    structure=SMILES("C=CC=CCCC=CC=C")
)
species(
    label='C7H9O2(68)',
    reactive=True,
    structure=SMILES("[O]OC1C=CC=CCC1")
)
species(
    label='s(399)',
    reactive=True,
    structure=SMILES("C=CC=CCC(C=C)C=C")
)


species(
    label='OH',
    reactive=True,
    structure=SMILES("[OH]")
)
species(
    label='H2O',
    reactive=True,
    structure=SMILES("O")
)

species(
    label='Ar',
    reactive=False,
    structure=SMILES("[Ar]")
)

species(
    label='Ne',
    reactive=False,
    structure=SMILES("[Ne]")
)
species(
    label='He',
    reactive=False,
    structure=SMILES("[He]")
)
"""



# Reaction systems
simpleReactor(
    temperature=[(700,'K'),(1500,'K')],
    pressure=[(10.0,'bar'),(40.0,'bar')],
    nSims=8,
    initialMoleFractions={
        "C7H10": 1,
#	    "C7H16": 0.00463,
        "O2":   19, # phi=1 means 9.5 O2 per C7H10
        "N2":    154, # 8.1 times as much N2 as O2
        "C7H16":1,
      
        
        
        
    },
    # terminationRateRatio=0.01,
    #  terminationTime=(1e0,'s'),
    terminationConversion={
        'C7H16': 0.99,
    },
    sensitivity=['C7H10','O2'],
    sensitivityThreshold=0.001,
)

simulator(
    atol=1e-16,
    rtol=1e-8,
    sens_atol=1e-6,
    sens_rtol=1e-4,
)

model(
    #toleranceKeepInEdge=0.0,
    toleranceMoveToCore=0.25,
    toleranceInterruptSimulation=0.25,
    maximumEdgeSpecies=100000,
    filterReactions=True,
    maxNumObjsPerIter=2,
)

uncertainty(
    localAnalysis=False,
    globalAnalysis=False,
    uncorrelated=True,
    correlated=True,
    localNumber=10,
    globalNumber=5,
    terminationTime=None,
    pceRunTime=1800,
    logx=True
)

options(
    units='si',
    # saveRestartPeriod=(1,'hour'),
    generateOutputHTML=True,
    generatePlots=True,
    saveSimulationProfiles=True,
    saveEdgeSpecies=True,
)

#quantumMechanics(
#    software='mopac',
#    method='pm3',
    # fileStore='QMfiles', # relative to where you run it from. Defaults to inside the output folder if not defined.
#    scratchDirectory = None, # not currently used
#    onlyCyclics = True,
#    maxRadicalNumber = 0,
#    )

#pressureDependence(
#    method='modified strong collision',
#    maximumGrainSize=(0.5,'kcal/mol'),
#    minimumNumberOfGrains=250,
#    temperatures=(300,2000,'K',8),
#    pressures=(0.01,100,'bar',5),
#    interpolation=('Chebyshev', 6, 4),
#)



Warning: Generate Output HTML option was turned on. Note that this will slow down model generation.
Warning: Edge species saving was turned on. This will slow down model generation for large simulations.

Loading thermodynamics library from primaryThermoLibrary.py in /home/qin.she/Code/RMG-database/input/thermo/libraries...
Loading thermodynamics group database from /home/qin.she/Code/RMG-database/input/thermo/groups...
Loading transport library from PrimaryTransportLibrary.py in /home/qin.she/Code/RMG-database/input/transport/libraries...
Loading transport library from GRI-Mech.py in /home/qin.she/Code/RMG-database/input/transport/libraries...
Loading transport library from NOx2018.py in /home/qin.she/Code/RMG-database/input/transport/libraries...
Loading transport library from OneDMinN2.py in /home/qin.she/Code/RMG-database/input/transport/libraries...
Loading transport group database from /home/qin.she/Code/RMG-database/input/transport/groups...
Loading frequencies group database from /home/qin.she/Code/RMG-database/input/statmech/groups...
Loading Platts additivity group database from /home/qin.she/Code/RMG-database/input/solvation/groups...
Adding rate rules from training set in kinetics families...
Warning: Cphigh is above the theoretical CpInf value for ThermoData object
ThermoData(Tdata=([300,400,500,600,800,1000,1500],'K'), Cpdata=([36.6869,38.2195,39.253,40.4473,45.0357,50.6323,54.2027],'J/(mol*K)'), H298=(310.047,'kJ/mol'), S298=(162.808,'J/(mol*K)'), Cp0=(29.1007,'J/(mol*K)'), CpInf=(37.4151,'J/(mol*K)'), comment="""Thermo group additivity estimation: group(O2s-CsCs) + group(CsJ2_singlet-CsH)""").
The thermo for this species is probably wrong! Setting CpInf = Cphigh for Entropy calculationat T = 2000.0 K...
Warning: Cphigh is above the theoretical CpInf value for ThermoData object
ThermoData(Tdata=([300,400,500,600,800,1000,1500],'K'), Cpdata=([36.6869,38.2195,39.253,40.4473,45.0357,50.6323,54.2027],'J/(mol*K)'), H298=(310.047,'kJ/mol'), S298=(162.808,'J/(mol*K)'), Cp0=(29.1007,'J/(mol*K)'), CpInf=(37.4151,'J/(mol*K)'), comment="""Thermo group additivity estimation: group(O2s-CsCs) + group(CsJ2_singlet-CsH)""").
The thermo for this species is probably wrong! Setting CpInf = Cphigh for Entropy calculationat T = 1666.66666667 K...
Warning: Cphigh is above the theoretical CpInf value for ThermoData object
ThermoData(Tdata=([300,400,500,600,800,1000,1500],'K'), Cpdata=([36.6869,38.2195,39.253,40.4473,45.0357,50.6323,54.2027],'J/(mol*K)'), H298=(310.047,'kJ/mol'), S298=(162.808,'J/(mol*K)'), Cp0=(29.1007,'J/(mol*K)'), CpInf=(37.4151,'J/(mol*K)'), comment="""Thermo group additivity estimation: group(O2s-CsCs) + group(CsJ2_singlet-CsH)""").
The thermo for this species is probably wrong! Setting CpInf = Cphigh for Entropy calculationat T = 2000.0 K...
Warning: Cphigh is above the theoretical CpInf value for ThermoData object
ThermoData(Tdata=([300,400,500,600,800,1000,1500],'K'), Cpdata=([36.6869,38.2195,39.253,40.4473,45.0357,50.6323,54.2027],'J/(mol*K)'), H298=(310.047,'kJ/mol'), S298=(162.808,'J/(mol*K)'), Cp0=(29.1007,'J/(mol*K)'), CpInf=(37.4151,'J/(mol*K)'), comment="""Thermo group additivity estimation: group(O2s-CsCs) + group(CsJ2_singlet-CsH)""").
The thermo for this species is probably wrong! Setting CpInf = Cphigh for Entropy calculationat T = 1666.66666667 K...
Filling in rate rules in kinetics families by averaging...
NOT generating reactions for unreactive species N2

Summary of Model Enlargement
---------------------------------
Added 1 new core species
    N2
Created 0 new edge species
Added 0 new core reactions
Created 0 new edge reactions

After model enlargement:
    The model core has 1 species and 0 reactions
    The model edge has 3 species and 0 reactions


NOT generating reactions for unreactive species Ar

Summary of Model Enlargement
---------------------------------
Added 1 new core species
    Ar
Created 0 new edge species
Added 0 new core reactions
Created 0 new edge reactions

After model enlargement:
    The model core has 2 species and 0 reactions
    The model edge has 3 species and 0 reactions


NOT generating reactions for unreactive species He

Summary of Model Enlargement
---------------------------------
Added 1 new core species
    He
Created 0 new edge species
Added 0 new core reactions
Created 0 new edge reactions

After model enlargement:
    The model core has 3 species and 0 reactions
    The model edge has 3 species and 0 reactions


NOT generating reactions for unreactive species Ne

Summary of Model Enlargement
---------------------------------
Added 1 new core species
    Ne
Created 0 new edge species
Added 0 new core reactions
Created 0 new edge reactions

After model enlargement:
    The model core has 4 species and 0 reactions
    The model edge has 3 species and 0 reactions


Adding species C7H10(1) to model core

Summary of Model Enlargement
---------------------------------
Added 1 new core species
    C7H10(1)
Created 0 new edge species
Added 0 new core reactions
Created 0 new edge reactions

After model enlargement:
    The model core has 5 species and 0 reactions
    The model edge has 2 species and 0 reactions


Adding species C7H16(2) to model core

Summary of Model Enlargement
---------------------------------
Added 1 new core species
    C7H16(2)
Created 0 new edge species
Added 0 new core reactions
Created 0 new edge reactions

After model enlargement:
    The model core has 6 species and 0 reactions
    The model edge has 1 species and 0 reactions


Adding species O2(3) to model core

Summary of Model Enlargement
---------------------------------
Added 1 new core species
    O2(3)
Created 0 new edge species
Added 0 new core reactions
Created 0 new edge reactions

After model enlargement:
    The model core has 7 species and 0 reactions
    The model edge has 0 species and 0 reactions


Initialization complete. Starting model generation.

conditions choosen for reactor 0 were: P = 0.00013815510558 bar, T = 700.0 K, 
Generating initial reactions for reaction system 1...
For reaction generation 1 process is used.
Generating thermo for new species...
Species [H] renamed H based on thermo library name
Species [CH2] renamed CH2(S) based on thermo library name
Generating kinetics for new reactions...
For reaction C7H10(1) + O2(3) <=> [O]OC1[CH]C=CCCC1(37), Ea raised from 70.2 to 80.7 kJ/mol to match endothermicity of reaction.
For reaction C7H10(1) + O2(3) <=> [O]OC1[CH]CCCC=C1(38), Ea raised from 152.4 to 163.9 kJ/mol to match endothermicity of reaction.

Summary of Secondary Model Edge Enlargement
---------------------------------
Added 0 new core species
Created 36 new edge species
    [CH]1CC=CC=CC1(4)
    H(5)
    [CH]1C=CC=CCC1(6)
    [C]1=CC=CCCC1(7)
    [C]1=CCCCC=C1(8)
    [CH]1C=CCC[CH]C1(9)
    [C]1=CCCC[CH]C1(10)
    [C]1=CC[CH]CCC1(11)
    [CH]1C[CH]CC=CC1(12)
    [C]1=C[CH]CCCC1(13)
    [CH]1C=C[CH]CCC1(14)
    [C]1[CH]CCCCC=1(15)
    [CH]1[CH]CCC=CC1(16)
    [CH]=CCCCC=[CH](17)
    [CH]=CC=CCC[CH2](18)
    [CH2]C=CC=CC[CH2](19)
    [C]1CC=CCCC1(20)
    [C]1C=CCCCC1(21)
    C1=CC2CCCC12(22)
    [CH2]CCC(23)
    [CH2]CC(24)
    C[CH2](26)
    [CH2]CCCC(25)
    CC[CH]CCCC(27)
    CCC[CH]CCC(28)
    [CH3](30)
    [CH2]CCCCC(29)
    C[CH]CCCCC(31)
    [CH2]CCCCCC(32)
    CCCCCC(34)
    CH2(S)(33)
    [CH]1C=CCCCC1(35)
    [CH]1CC=CCCC1(36)
    [O]OC1[CH]C=CCCC1(37)
    [O]OC1[CH]CCCC=C1(38)
    [O]O(39)
Added 0 new core reactions
Created 55 new edge reactions
    [CH]1CC=CC=CC1(4) + H(5) <=> C7H10(1)
    H(5) + [CH]1C=CC=CCC1(6) <=> C7H10(1)
    H(5) + [C]1=CC=CCCC1(7) <=> C7H10(1)
    H(5) + [C]1=CCCCC=C1(8) <=> C7H10(1)
    [CH]1C=CCC[CH]C1(9) <=> C7H10(1)
    [C]1=CCCC[CH]C1(10) <=> C7H10(1)
    [CH]1C=CCC[CH]C1(9) <=> C7H10(1)
    [C]1=CC[CH]CCC1(11) <=> C7H10(1)
    [CH]1C[CH]CC=CC1(12) <=> C7H10(1)
    [C]1=C[CH]CCCC1(13) <=> C7H10(1)
    [CH]1C=C[CH]CCC1(14) <=> C7H10(1)
    [CH]1C=CCC[CH]C1(9) <=> C7H10(1)
    [C]1[CH]CCCCC=1(15) <=> C7H10(1)
    [CH]1[CH]CCC=CC1(16) <=> C7H10(1)
    [CH]=CCCCC=[CH](17) <=> C7H10(1)
    [CH]=CC=CCC[CH2](18) <=> C7H10(1)
    [CH2]C=CC=CC[CH2](19) <=> C7H10(1)
    [C]1CC=CCCC1(20) <=> C7H10(1)
    [C]1C=CCCCC1(21) <=> C7H10(1)
    C7H10(1) <=> C1=CC2CCCC12(22)
    [CH2]CCC(23) + [CH2]CC(24) <=> C7H16(2)
    C[CH2](26) + [CH2]CCCC(25) <=> C7H16(2)
    CC[CH]CCCC(27) + H(5) <=> C7H16(2)
    CCC[CH]CCC(28) + H(5) <=> C7H16(2)
    [CH3](30) + [CH2]CCCCC(29) <=> C7H16(2)
    C[CH]CCCCC(31) + H(5) <=> C7H16(2)
    [CH2]CCCCCC(32) + H(5) <=> C7H16(2)
    CCCCCC(34) + CH2(S)(33) <=> C7H16(2)
    CCCCCC(34) + CH2(S)(33) <=> C7H16(2)
    [CH]1C=CCCCC1(35) + [CH]1CC=CC=CC1(4) <=> C7H10(1) + C7H10(1)
    [CH]1CC=CCCC1(36) + [CH]1CC=CC=CC1(4) <=> C7H10(1) + C7H10(1)
    [CH]1C=CCCCC1(35) + [CH]1C=CC=CCC1(6) <=> C7H10(1) + C7H10(1)
    [CH]1CC=CCCC1(36) + [CH]1C=CC=CCC1(6) <=> C7H10(1) + C7H10(1)
    [CH]1C=CCCCC1(35) + [C]1=CC=CCCC1(7) <=> C7H10(1) + C7H10(1)
    [CH]1CC=CCCC1(36) + [C]1=CC=CCCC1(7) <=> C7H10(1) + C7H10(1)
    [CH]1C=CCCCC1(35) + [C]1=CCCCC=C1(8) <=> C7H10(1) + C7H10(1)
    [CH]1CC=CCCC1(36) + [C]1=CCCCC=C1(8) <=> C7H10(1) + C7H10(1)
    C[CH]CCCCC(31) + [CH]1C=CCCCC1(35) <=> C7H10(1) + C7H16(2)
    CC[CH]CCCC(27) + [CH]1C=CCCCC1(35) <=> C7H10(1) + C7H16(2)
    CCC[CH]CCC(28) + [CH]1C=CCCCC1(35) <=> C7H10(1) + C7H16(2)
    [CH2]CCCCCC(32) + [CH]1C=CCCCC1(35) <=> C7H10(1) + C7H16(2)
    C[CH]CCCCC(31) + [CH]1CC=CCCC1(36) <=> C7H10(1) + C7H16(2)
    [CH]1CC=CCCC1(36) + CC[CH]CCCC(27) <=> C7H10(1) + C7H16(2)
    CCC[CH]CCC(28) + [CH]1CC=CCCC1(36) <=> C7H10(1) + C7H16(2)
    [CH]1CC=CCCC1(36) + [CH2]CCCCCC(32) <=> C7H10(1) + C7H16(2)
    C7H10(1) + O2(3) <=> [O]OC1[CH]C=CCCC1(37)
    C7H10(1) + O2(3) <=> [O]OC1[CH]CCCC=C1(38)
    [O]O(39) + [CH]1CC=CC=CC1(4) <=> C7H10(1) + O2(3)
    [O]O(39) + [CH]1C=CC=CCC1(6) <=> C7H10(1) + O2(3)
    [O]O(39) + [C]1=CC=CCCC1(7) <=> C7H10(1) + O2(3)
    [O]O(39) + [C]1=CCCCC=C1(8) <=> C7H10(1) + O2(3)
    [O]O(39) + CC[CH]CCCC(27) <=> C7H16(2) + O2(3)
    [O]O(39) + CCC[CH]CCC(28) <=> C7H16(2) + O2(3)
    [O]O(39) + C[CH]CCCCC(31) <=> C7H16(2) + O2(3)
    [O]O(39) + [CH2]CCCCCC(32) <=> C7H16(2) + O2(3)

After model enlargement:
    The model core has 7 species and 0 reactions
    The model edge has 36 species and 55 reactions


Completed initial enlarge edge step.

Saving current model core to Chemkin file...
Chemkin file contains 0 reactions.
Saving annotated version of Chemkin file...
Chemkin file contains 0 reactions.
Saving current model core and edge to Chemkin file...
Chemkin file contains 55 reactions.
Saving annotated version of Chemkin file...
Chemkin file contains 55 reactions.
Saving current model core to HTML file...
Saving current model edge to HTML file...
Updating RMG execution statistics...
    Execution time (DD:HH:MM:SS): 00:00:02:41
    Memory used: 698.05 MB
Generating plots of execution statistics...

Beginning model generation stage 1...

Conducting simulation of reaction system 1...
At time 0.0000e+00 s, species C1=CC2CCCC12(22) was added to model core to avoid singularity
conditions choosen for reactor 0 were: P = 14.617438655 bar, T = 700.001357573 K, 


Adding species C1=CC2CCCC12(22) to model core

Summary of Model Enlargement
---------------------------------
Added 1 new core species
    C1=CC2CCCC12(22)
Created 0 new edge species
Moved 1 reactions from edge to core
    C7H10(1) <=> C1=CC2CCCC12(22)
Added 0 new core reactions
Created 0 new edge reactions

After model enlargement:
    The model core has 8 species and 1 reactions
    The model edge has 35 species and 54 reactions


