Using Theano backend.
:root:Removing old /scratch/qin.she/Code/chpd/2heptane_richard/RMG_backup.log
:root:Moving /scratch/qin.she/Code/chpd/2heptane_richard/RMG.log to /scratch/qin.she/Code/chpd/2heptane_richard/RMG_backup.log

/home/qin.she/anaconda2/envs/rmg_env/lib/python2.7/site-packages/matplotlib/axes/_base.py:3157: UserWarning: Attempted to set non-positive xlimits for log-scale axis; invalid limits will be ignored.
  'Attempted to set non-positive xlimits for log-scale axis; '
Traceback (most recent call last):
  File "/home/qin.she/Code/RMG-Py/rmg.py", line 181, in <module>
    main()
  File "/home/qin.she/Code/RMG-Py/rmg.py", line 166, in main
    cProfile.runctx(command, global_vars, local_vars, stats_file)
  File "/home/qin.she/anaconda2/envs/rmg_env/lib/python2.7/cProfile.py", line 49, in runctx
    prof = prof.runctx(statement, globals, locals)
  File "/home/qin.she/anaconda2/envs/rmg_env/lib/python2.7/cProfile.py", line 140, in runctx
    exec cmd in globals, locals
  File "<string>", line 1, in <module>
  File "/home/qin.she/Code/RMG-Py/rmgpy/rmg/main.py", line 936, in execute
    self.check_model()
  File "/home/qin.she/Code/RMG-Py/rmgpy/rmg/main.py", line 1150, in check_model
    p_min=self.Pmin, p_max=self.Pmax)
  File "rmgpy/reaction.py", line 1233, in rmgpy.reaction.Reaction.check_collision_limit_violation
  File "rmgpy/reaction.py", line 1266, in rmgpy.reaction.Reaction.check_collision_limit_violation
  File "rmgpy/reaction.py", line 783, in rmgpy.reaction.Reaction.generateReverseRateCoefficient
  File "rmgpy/reaction.py", line 783, in rmgpy.reaction.Reaction.generateReverseRateCoefficient
  File "rmgpy/reaction.py", line 857, in rmgpy.reaction.Reaction.generateReverseRateCoefficient
  File "rmgpy/reaction.py", line 820, in rmgpy.reaction.Reaction.generateReverseRateCoefficient
  File "rmgpy/reaction.py", line 780, in rmgpy.reaction.Reaction.reverseThisArrheniusRate
  File "rmgpy/kinetics/arrhenius.pyx", line 169, in rmgpy.kinetics.arrhenius.Arrhenius.fitToData
IndexError: index 0 is out of bounds for axis 0 with size 0
